{"E:\\arithmetic-calculator-frontend\\src\\app\\layout.tsx": {"path":"E:\\arithmetic-calculator-frontend\\src\\app\\layout.tsx","statementMap":{"0":{"start":{"line":18,"column":24},"end":{"line":18,"column":35}},"1":{"start":{"line":3,"column":22},"end":{"line":3,"column":null}},"2":{"start":{"line":4,"column":7},"end":{"line":4,"column":null}},"3":{"start":{"line":5,"column":28},"end":{"line":5,"column":null}},"4":{"start":{"line":7,"column":18},"end":{"line":11,"column":null}},"5":{"start":{"line":12,"column":18},"end":{"line":16,"column":null}},"6":{"start":{"line":25,"column":2},"end":{"line":35,"column":null}}},"fnMap":{"0":{"name":"RootLayout","decl":{"start":{"line":18,"column":24},"end":{"line":18,"column":35}},"loc":{"start":{"line":24,"column":1},"end":{"line":42,"column":null}}}},"branchMap":{"0":{"loc":{"start":{"line":20,"column":2},"end":{"line":20,"column":24}},"type":"default-arg","locations":[{"start":{"line":20,"column":20},"end":{"line":20,"column":24}}]},"1":{"loc":{"start":{"line":25,"column":2},"end":{"line":35,"column":null}},"type":"if","locations":[{"start":{"line":25,"column":2},"end":{"line":35,"column":null}}]}},"s":{"0":2,"1":1,"2":1,"3":1,"4":1,"5":1,"6":2},"f":{"0":2},"b":{"0":[0],"1":[0]}}
,"E:\\arithmetic-calculator-frontend\\src\\app\\page.tsx": {"path":"E:\\arithmetic-calculator-frontend\\src\\app\\page.tsx","statementMap":{"0":{"start":{"line":11,"column":24},"end":{"line":11,"column":null}},"1":{"start":{"line":3,"column":45},"end":{"line":3,"column":null}},"2":{"start":{"line":4,"column":22},"end":{"line":4,"column":null}},"3":{"start":{"line":5,"column":27},"end":{"line":5,"column":null}},"4":{"start":{"line":6,"column":25},"end":{"line":6,"column":null}},"5":{"start":{"line":7,"column":28},"end":{"line":7,"column":null}},"6":{"start":{"line":9,"column":17},"end":{"line":9,"column":null}},"7":{"start":{"line":12,"column":22},"end":{"line":12,"column":null}},"8":{"start":{"line":12,"column":56},"end":{"line":12,"column":66}}},"fnMap":{"0":{"name":"Home","decl":{"start":{"line":11,"column":24},"end":{"line":11,"column":null}},"loc":{"start":{"line":11,"column":24},"end":{"line":47,"column":null}}},"1":{"name":"(anonymous_3)","decl":{"start":{"line":12,"column":34},"end":{"line":12,"column":35}},"loc":{"start":{"line":12,"column":56},"end":{"line":12,"column":66}}}},"branchMap":{},"s":{"0":4,"1":1,"2":1,"3":1,"4":1,"5":1,"6":1,"7":4,"8":8},"f":{"0":4,"1":8},"b":{}}
,"E:\\arithmetic-calculator-frontend\\src\\app\\(pages)\\login\\page.tsx": {"path":"E:\\arithmetic-calculator-frontend\\src\\app\\(pages)\\login\\page.tsx","statementMap":{"0":{"start":{"line":22,"column":0},"end":{"line":22,"column":15}},"1":{"start":{"line":3,"column":21},"end":{"line":3,"column":null}},"2":{"start":{"line":4,"column":20},"end":{"line":4,"column":null}},"3":{"start":{"line":6,"column":18},"end":{"line":20,"column":null}},"4":{"start":{"line":22,"column":15},"end":{"line":22,"column":null}}},"fnMap":{"0":{"name":"(anonymous_2)","decl":{"start":{"line":6,"column":18},"end":{"line":6,"column":null}},"loc":{"start":{"line":6,"column":18},"end":{"line":20,"column":null}}}},"branchMap":{},"s":{"0":5,"1":1,"2":1,"3":1,"4":1},"f":{"0":5},"b":{}}
,"E:\\arithmetic-calculator-frontend\\src\\app\\api\\AxiosApiClient.ts": {"path":"E:\\arithmetic-calculator-frontend\\src\\app\\api\\AxiosApiClient.ts","statementMap":{"0":{"start":{"line":78,"column":0},"end":{"line":78,"column":15}},"1":{"start":{"line":1,"column":54},"end":{"line":1,"column":null}},"2":{"start":{"line":6,"column":10},"end":{"line":11,"column":null}},"3":{"start":{"line":14,"column":4},"end":{"line":25,"column":null}},"4":{"start":{"line":16,"column":22},"end":{"line":16,"column":null}},"5":{"start":{"line":17,"column":8},"end":{"line":22,"column":null}},"6":{"start":{"line":18,"column":10},"end":{"line":18,"column":null}},"7":{"start":{"line":23,"column":8},"end":{"line":23,"column":null}},"8":{"start":{"line":25,"column":17},"end":{"line":25,"column":null}},"9":{"start":{"line":28,"column":4},"end":{"line":32,"column":null}},"10":{"start":{"line":29,"column":20},"end":{"line":29,"column":null}},"11":{"start":{"line":31,"column":8},"end":{"line":31,"column":null}},"12":{"start":{"line":37,"column":4},"end":{"line":37,"column":null}},"13":{"start":{"line":44,"column":4},"end":{"line":45,"column":null}},"14":{"start":{"line":52,"column":4},"end":{"line":53,"column":null}},"15":{"start":{"line":60,"column":4},"end":{"line":61,"column":null}},"16":{"start":{"line":64,"column":4},"end":{"line":64,"column":null}},"17":{"start":{"line":68,"column":4},"end":{"line":74,"column":null}},"18":{"start":{"line":78,"column":15},"end":{"line":78,"column":null}}},"fnMap":{"0":{"name":"(anonymous_2)","decl":{"start":{"line":13,"column":2},"end":{"line":13,"column":16}},"loc":{"start":{"line":13,"column":16},"end":{"line":34,"column":null}}},"1":{"name":"(anonymous_3)","decl":{"start":{"line":15,"column":6},"end":{"line":15,"column":7}},"loc":{"start":{"line":15,"column":7},"end":{"line":24,"column":null}}},"2":{"name":"(anonymous_4)","decl":{"start":{"line":25,"column":6},"end":{"line":25,"column":7}},"loc":{"start":{"line":25,"column":17},"end":{"line":25,"column":null}}},"3":{"name":"(anonymous_5)","decl":{"start":{"line":29,"column":6},"end":{"line":29,"column":7}},"loc":{"start":{"line":29,"column":20},"end":{"line":29,"column":null}}},"4":{"name":"(anonymous_6)","decl":{"start":{"line":30,"column":6},"end":{"line":30,"column":13}},"loc":{"start":{"line":30,"column":13},"end":{"line":32,"column":null}}},"5":{"name":"(anonymous_7)","decl":{"start":{"line":36,"column":2},"end":{"line":36,"column":8}},"loc":{"start":{"line":36,"column":67},"end":{"line":38,"column":null}}},"6":{"name":"(anonymous_8)","decl":{"start":{"line":39,"column":2},"end":{"line":39,"column":8}},"loc":{"start":{"line":43,"column":16},"end":{"line":46,"column":null}}},"7":{"name":"(anonymous_9)","decl":{"start":{"line":47,"column":2},"end":{"line":47,"column":8}},"loc":{"start":{"line":51,"column":16},"end":{"line":54,"column":null}}},"8":{"name":"(anonymous_10)","decl":{"start":{"line":55,"column":2},"end":{"line":55,"column":8}},"loc":{"start":{"line":59,"column":16},"end":{"line":62,"column":null}}},"9":{"name":"(anonymous_11)","decl":{"start":{"line":63,"column":2},"end":{"line":63,"column":8}},"loc":{"start":{"line":63,"column":70},"end":{"line":65,"column":null}}},"10":{"name":"(anonymous_12)","decl":{"start":{"line":67,"column":10},"end":{"line":67,"column":26}},"loc":{"start":{"line":67,"column":73},"end":{"line":75,"column":null}}}},"branchMap":{"0":{"loc":{"start":{"line":17,"column":8},"end":{"line":22,"column":null}},"type":"if","locations":[{"start":{"line":17,"column":8},"end":{"line":22,"column":null}},{"start":{"line":20,"column":15},"end":{"line":22,"column":null}}]}},"s":{"0":1,"1":6,"2":0,"3":0,"4":0,"5":0,"6":0,"7":0,"8":0,"9":0,"10":0,"11":0,"12":0,"13":0,"14":0,"15":0,"16":0,"17":0,"18":6},"f":{"0":0,"1":0,"2":0,"3":0,"4":0,"5":0,"6":0,"7":0,"8":0,"9":0,"10":0},"b":{"0":[0,0]}}
,"E:\\arithmetic-calculator-frontend\\src\\app\\components\\atoms\\Button\\index.tsx": {"path":"E:\\arithmetic-calculator-frontend\\src\\app\\components\\atoms\\Button\\index.tsx","statementMap":{"0":{"start":{"line":71,"column":0},"end":{"line":71,"column":15}},"1":{"start":{"line":4,"column":7},"end":{"line":4,"column":null}},"2":{"start":{"line":5,"column":23},"end":{"line":5,"column":null}},"3":{"start":{"line":6,"column":36},"end":{"line":6,"column":null}},"4":{"start":{"line":7,"column":20},"end":{"line":7,"column":null}},"5":{"start":{"line":20,"column":15},"end":{"line":66,"column":null}},"6":{"start":{"line":33,"column":58},"end":{"line":39,"column":null}},"7":{"start":{"line":34,"column":13},"end":{"line":38,"column":null}},"8":{"start":{"line":42,"column":24},"end":{"line":48,"column":null}},"9":{"start":{"line":43,"column":13},"end":{"line":47,"column":null}},"10":{"start":{"line":69,"column":0},"end":{"line":69,"column":null}},"11":{"start":{"line":71,"column":15},"end":{"line":71,"column":null}}},"fnMap":{"0":{"name":"(anonymous_2)","decl":{"start":{"line":21,"column":2},"end":{"line":21,"column":null}},"loc":{"start":{"line":31,"column":4},"end":{"line":66,"column":null}}},"1":{"name":"(anonymous_3)","decl":{"start":{"line":34,"column":6},"end":{"line":34,"column":13}},"loc":{"start":{"line":34,"column":13},"end":{"line":38,"column":null}}},"2":{"name":"(anonymous_4)","decl":{"start":{"line":43,"column":6},"end":{"line":43,"column":13}},"loc":{"start":{"line":43,"column":13},"end":{"line":47,"column":null}}}},"branchMap":{"0":{"loc":{"start":{"line":23,"column":6},"end":{"line":23,"column":28}},"type":"default-arg","locations":[{"start":{"line":23,"column":19},"end":{"line":23,"column":28}}]},"1":{"loc":{"start":{"line":24,"column":6},"end":{"line":24,"column":17}},"type":"default-arg","locations":[{"start":{"line":24,"column":13},"end":{"line":24,"column":17}}]},"2":{"loc":{"start":{"line":26,"column":6},"end":{"line":26,"column":23}},"type":"default-arg","locations":[{"start":{"line":26,"column":18},"end":{"line":26,"column":23}}]},"3":{"loc":{"start":{"line":27,"column":6},"end":{"line":27,"column":24}},"type":"default-arg","locations":[{"start":{"line":27,"column":19},"end":{"line":27,"column":24}}]},"4":{"loc":{"start":{"line":59,"column":18},"end":{"line":59,"column":null}},"type":"binary-expr","locations":[{"start":{"line":59,"column":18},"end":{"line":59,"column":31}},{"start":{"line":59,"column":31},"end":{"line":59,"column":null}}]},"5":{"loc":{"start":{"line":63,"column":9},"end":{"line":63,"column":null}},"type":"cond-expr","locations":[{"start":{"line":63,"column":21},"end":{"line":63,"column":35}},{"start":{"line":63,"column":35},"end":{"line":63,"column":null}}]}},"s":{"0":78,"1":8,"2":8,"3":8,"4":8,"5":8,"6":78,"7":53,"8":78,"9":53,"10":8,"11":8},"f":{"0":78,"1":53,"2":53},"b":{"0":[39],"1":[68],"2":[37],"3":[38],"4":[78,71],"5":[7,71]}}
,"E:\\arithmetic-calculator-frontend\\src\\app\\components\\atoms\\CenteredRow\\index.tsx": {"path":"E:\\arithmetic-calculator-frontend\\src\\app\\components\\atoms\\CenteredRow\\index.tsx","statementMap":{"0":{"start":{"line":20,"column":0},"end":{"line":20,"column":15}},"1":{"start":{"line":1,"column":19},"end":{"line":1,"column":null}},"2":{"start":{"line":20,"column":15},"end":{"line":20,"column":null}}},"fnMap":{},"branchMap":{},"s":{"0":18,"1":3,"2":3},"f":{},"b":{}}
,"E:\\arithmetic-calculator-frontend\\src\\app\\components\\atoms\\Dropdown\\index.tsx": {"path":"E:\\arithmetic-calculator-frontend\\src\\app\\components\\atoms\\Dropdown\\index.tsx","statementMap":{"0":{"start":{"line":51,"column":0},"end":{"line":51,"column":15}},"1":{"start":{"line":1,"column":18},"end":{"line":1,"column":null}},"2":{"start":{"line":2,"column":49},"end":{"line":2,"column":null}},"3":{"start":{"line":16,"column":42},"end":{"line":49,"column":null}},"4":{"start":{"line":28,"column":25},"end":{"line":28,"column":null}},"5":{"start":{"line":38,"column":10},"end":{"line":39,"column":null}},"6":{"start":{"line":51,"column":15},"end":{"line":51,"column":null}}},"fnMap":{"0":{"name":"(anonymous_2)","decl":{"start":{"line":16,"column":42},"end":{"line":16,"column":43}},"loc":{"start":{"line":22,"column":1},"end":{"line":49,"column":null}}},"1":{"name":"(anonymous_3)","decl":{"start":{"line":28,"column":18},"end":{"line":28,"column":19}},"loc":{"start":{"line":28,"column":25},"end":{"line":28,"column":null}}},"2":{"name":"(anonymous_4)","decl":{"start":{"line":37,"column":21},"end":{"line":37,"column":22}},"loc":{"start":{"line":38,"column":10},"end":{"line":39,"column":null}}}},"branchMap":{},"s":{"0":3,"1":1,"2":1,"3":1,"4":1,"5":9,"6":1},"f":{"0":3,"1":1,"2":9},"b":{}}
,"E:\\arithmetic-calculator-frontend\\src\\app\\components\\atoms\\ErrorMessage\\index.tsx": {"path":"E:\\arithmetic-calculator-frontend\\src\\app\\components\\atoms\\ErrorMessage\\index.tsx","statementMap":{"0":{"start":{"line":23,"column":0},"end":{"line":23,"column":15}},"1":{"start":{"line":1,"column":23},"end":{"line":1,"column":null}},"2":{"start":{"line":2,"column":18},"end":{"line":2,"column":null}},"3":{"start":{"line":9,"column":54},"end":{"line":19,"column":null}},"4":{"start":{"line":21,"column":0},"end":{"line":21,"column":null}},"5":{"start":{"line":23,"column":15},"end":{"line":23,"column":null}}},"fnMap":{"0":{"name":"(anonymous_2)","decl":{"start":{"line":9,"column":54},"end":{"line":9,"column":55}},"loc":{"start":{"line":13,"column":1},"end":{"line":19,"column":null}}}},"branchMap":{},"s":{"0":10,"1":7,"2":7,"3":7,"4":7,"5":7},"f":{"0":10},"b":{}}
,"E:\\arithmetic-calculator-frontend\\src\\app\\components\\atoms\\Form\\index.tsx": {"path":"E:\\arithmetic-calculator-frontend\\src\\app\\components\\atoms\\Form\\index.tsx","statementMap":{"0":{"start":{"line":36,"column":0},"end":{"line":36,"column":15}},"1":{"start":{"line":1,"column":23},"end":{"line":1,"column":null}},"2":{"start":{"line":2,"column":18},"end":{"line":2,"column":null}},"3":{"start":{"line":10,"column":38},"end":{"line":32,"column":null}},"4":{"start":{"line":16,"column":23},"end":{"line":19,"column":null}},"5":{"start":{"line":17,"column":4},"end":{"line":17,"column":null}},"6":{"start":{"line":18,"column":4},"end":{"line":18,"column":null}},"7":{"start":{"line":18,"column":18},"end":{"line":18,"column":null}},"8":{"start":{"line":34,"column":0},"end":{"line":34,"column":null}},"9":{"start":{"line":36,"column":15},"end":{"line":36,"column":null}}},"fnMap":{"0":{"name":"(anonymous_2)","decl":{"start":{"line":10,"column":38},"end":{"line":10,"column":39}},"loc":{"start":{"line":15,"column":1},"end":{"line":32,"column":null}}},"1":{"name":"(anonymous_3)","decl":{"start":{"line":16,"column":23},"end":{"line":16,"column":24}},"loc":{"start":{"line":16,"column":24},"end":{"line":19,"column":null}}}},"branchMap":{"0":{"loc":{"start":{"line":18,"column":4},"end":{"line":18,"column":null}},"type":"if","locations":[{"start":{"line":18,"column":4},"end":{"line":18,"column":null}}]}},"s":{"0":43,"1":4,"2":4,"3":4,"4":43,"5":7,"6":7,"7":7,"8":4,"9":4},"f":{"0":43,"1":7},"b":{"0":[7]}}
,"E:\\arithmetic-calculator-frontend\\src\\app\\components\\atoms\\FormControl\\index.tsx": {"path":"E:\\arithmetic-calculator-frontend\\src\\app\\components\\atoms\\FormControl\\index.tsx","statementMap":{"0":{"start":{"line":23,"column":0},"end":{"line":23,"column":15}},"1":{"start":{"line":1,"column":23},"end":{"line":1,"column":null}},"2":{"start":{"line":2,"column":18},"end":{"line":2,"column":null}},"3":{"start":{"line":9,"column":52},"end":{"line":19,"column":null}},"4":{"start":{"line":21,"column":0},"end":{"line":21,"column":null}},"5":{"start":{"line":23,"column":15},"end":{"line":23,"column":null}}},"fnMap":{"0":{"name":"(anonymous_2)","decl":{"start":{"line":9,"column":52},"end":{"line":9,"column":53}},"loc":{"start":{"line":13,"column":1},"end":{"line":19,"column":null}}}},"branchMap":{},"s":{"0":3,"1":1,"2":1,"3":1,"4":1,"5":1},"f":{"0":3},"b":{}}
,"E:\\arithmetic-calculator-frontend\\src\\app\\components\\atoms\\FormHeader\\index.tsx": {"path":"E:\\arithmetic-calculator-frontend\\src\\app\\components\\atoms\\FormHeader\\index.tsx","statementMap":{"0":{"start":{"line":22,"column":0},"end":{"line":22,"column":15}},"1":{"start":{"line":1,"column":18},"end":{"line":1,"column":null}},"2":{"start":{"line":2,"column":24},"end":{"line":2,"column":null}},"3":{"start":{"line":9,"column":46},"end":{"line":18,"column":null}},"4":{"start":{"line":20,"column":0},"end":{"line":20,"column":null}},"5":{"start":{"line":22,"column":15},"end":{"line":22,"column":null}}},"fnMap":{"0":{"name":"(anonymous_2)","decl":{"start":{"line":9,"column":46},"end":{"line":9,"column":47}},"loc":{"start":{"line":12,"column":1},"end":{"line":18,"column":null}}}},"branchMap":{},"s":{"0":38,"1":4,"2":4,"3":4,"4":4,"5":4},"f":{"0":38},"b":{}}
,"E:\\arithmetic-calculator-frontend\\src\\app\\components\\atoms\\Input\\index.tsx": {"path":"E:\\arithmetic-calculator-frontend\\src\\app\\components\\atoms\\Input\\index.tsx","statementMap":{"0":{"start":{"line":50,"column":0},"end":{"line":50,"column":15}},"1":{"start":{"line":4,"column":7},"end":{"line":4,"column":null}},"2":{"start":{"line":5,"column":23},"end":{"line":5,"column":null}},"3":{"start":{"line":6,"column":34},"end":{"line":6,"column":null}},"4":{"start":{"line":14,"column":14},"end":{"line":45,"column":null}},"5":{"start":{"line":19,"column":24},"end":{"line":23,"column":null}},"6":{"start":{"line":48,"column":0},"end":{"line":48,"column":null}},"7":{"start":{"line":50,"column":15},"end":{"line":50,"column":null}}},"fnMap":{"0":{"name":"(anonymous_4)","decl":{"start":{"line":15,"column":2},"end":{"line":15,"column":null}},"loc":{"start":{"line":17,"column":4},"end":{"line":45,"column":null}}}},"branchMap":{"0":{"loc":{"start":{"line":16,"column":17},"end":{"line":16,"column":33}},"type":"default-arg","locations":[{"start":{"line":16,"column":29},"end":{"line":16,"column":33}}]}},"s":{"0":143,"1":10,"2":10,"3":10,"4":10,"5":143,"6":10,"7":10},"f":{"0":143},"b":{"0":[142]}}
,"E:\\arithmetic-calculator-frontend\\src\\app\\components\\atoms\\Label\\index.tsx": {"path":"E:\\arithmetic-calculator-frontend\\src\\app\\components\\atoms\\Label\\index.tsx","statementMap":{"0":{"start":{"line":32,"column":0},"end":{"line":32,"column":15}},"1":{"start":{"line":1,"column":23},"end":{"line":1,"column":null}},"2":{"start":{"line":2,"column":23},"end":{"line":2,"column":null}},"3":{"start":{"line":3,"column":18},"end":{"line":3,"column":null}},"4":{"start":{"line":10,"column":40},"end":{"line":28,"column":null}},"5":{"start":{"line":30,"column":0},"end":{"line":30,"column":null}},"6":{"start":{"line":32,"column":15},"end":{"line":32,"column":null}}},"fnMap":{"0":{"name":"(anonymous_2)","decl":{"start":{"line":10,"column":40},"end":{"line":10,"column":41}},"loc":{"start":{"line":14,"column":1},"end":{"line":28,"column":null}}}},"branchMap":{},"s":{"0":3,"1":1,"2":1,"3":1,"4":1,"5":1,"6":1},"f":{"0":3},"b":{}}
,"E:\\arithmetic-calculator-frontend\\src\\app\\components\\atoms\\Logo\\index.tsx": {"path":"E:\\arithmetic-calculator-frontend\\src\\app\\components\\atoms\\Logo\\index.tsx","statementMap":{"0":{"start":{"line":33,"column":0},"end":{"line":33,"column":15}},"1":{"start":{"line":1,"column":23},"end":{"line":1,"column":null}},"2":{"start":{"line":2,"column":20},"end":{"line":2,"column":null}},"3":{"start":{"line":3,"column":21},"end":{"line":3,"column":null}},"4":{"start":{"line":4,"column":17},"end":{"line":4,"column":null}},"5":{"start":{"line":31,"column":0},"end":{"line":31,"column":null}},"6":{"start":{"line":33,"column":15},"end":{"line":33,"column":null}}},"fnMap":{},"branchMap":{"0":{"loc":{"start":{"line":14,"column":2},"end":{"line":14,"column":17}},"type":"default-arg","locations":[{"start":{"line":14,"column":13},"end":{"line":14,"column":17}}]},"1":{"loc":{"start":{"line":15,"column":2},"end":{"line":15,"column":17}},"type":"default-arg","locations":[{"start":{"line":15,"column":10},"end":{"line":15,"column":17}}]}},"s":{"0":4,"1":1,"2":1,"3":1,"4":1,"5":1,"6":1},"f":{},"b":{"0":[3],"1":[3]}}
,"E:\\arithmetic-calculator-frontend\\src\\app\\components\\atoms\\SpinnerIcon\\index.tsx": {"path":"E:\\arithmetic-calculator-frontend\\src\\app\\components\\atoms\\SpinnerIcon\\index.tsx","statementMap":{"0":{"start":{"line":28,"column":0},"end":{"line":28,"column":15}},"1":{"start":{"line":1,"column":18},"end":{"line":1,"column":null}},"2":{"start":{"line":2,"column":7},"end":{"line":2,"column":null}},"3":{"start":{"line":3,"column":20},"end":{"line":3,"column":null}},"4":{"start":{"line":4,"column":20},"end":{"line":26,"column":null}},"5":{"start":{"line":28,"column":15},"end":{"line":28,"column":null}}},"fnMap":{"0":{"name":"(anonymous_2)","decl":{"start":{"line":4,"column":20},"end":{"line":4,"column":21}},"loc":{"start":{"line":12,"column":1},"end":{"line":26,"column":null}}}},"branchMap":{"0":{"loc":{"start":{"line":7,"column":2},"end":{"line":7,"column":29}},"type":"default-arg","locations":[{"start":{"line":7,"column":15},"end":{"line":7,"column":29}}]},"1":{"loc":{"start":{"line":17,"column":18},"end":{"line":17,"column":42}},"type":"cond-expr","locations":[{"start":{"line":17,"column":26},"end":{"line":17,"column":34}},{"start":{"line":17,"column":34},"end":{"line":17,"column":42}}]},"2":{"loc":{"start":{"line":18,"column":19},"end":{"line":18,"column":45}},"type":"cond-expr","locations":[{"start":{"line":18,"column":28},"end":{"line":18,"column":37}},{"start":{"line":18,"column":37},"end":{"line":18,"column":45}}]}},"s":{"0":20,"1":10,"2":10,"3":10,"4":10,"5":10},"f":{"0":20},"b":{"0":[20],"1":[7,13],"2":[7,13]}}
,"E:\\arithmetic-calculator-frontend\\src\\app\\components\\atoms\\Text\\index.tsx": {"path":"E:\\arithmetic-calculator-frontend\\src\\app\\components\\atoms\\Text\\index.tsx","statementMap":{"0":{"start":{"line":35,"column":0},"end":{"line":35,"column":15}},"1":{"start":{"line":4,"column":7},"end":{"line":4,"column":null}},"2":{"start":{"line":5,"column":23},"end":{"line":5,"column":null}},"3":{"start":{"line":11,"column":34},"end":{"line":31,"column":null}},"4":{"start":{"line":17,"column":25},"end":{"line":21,"column":null}},"5":{"start":{"line":33,"column":0},"end":{"line":33,"column":null}},"6":{"start":{"line":35,"column":15},"end":{"line":35,"column":null}}},"fnMap":{"0":{"name":"(anonymous_1)","decl":{"start":{"line":11,"column":34},"end":{"line":11,"column":35}},"loc":{"start":{"line":16,"column":1},"end":{"line":31,"column":null}}}},"branchMap":{"0":{"loc":{"start":{"line":12,"column":2},"end":{"line":12,"column":20}},"type":"default-arg","locations":[{"start":{"line":12,"column":12},"end":{"line":12,"column":20}}]}},"s":{"0":254,"1":20,"2":20,"3":20,"4":254,"5":20,"6":20},"f":{"0":254},"b":{"0":[233]}}
,"E:\\arithmetic-calculator-frontend\\src\\app\\components\\config\\menu-items.ts": {"path":"E:\\arithmetic-calculator-frontend\\src\\app\\components\\config\\menu-items.ts","statementMap":{"0":{"start":{"line":3,"column":13},"end":{"line":3,"column":25}},"1":{"start":{"line":1,"column":23},"end":{"line":1,"column":null}},"2":{"start":{"line":3,"column":25},"end":{"line":3,"column":null}}},"fnMap":{},"branchMap":{},"s":{"0":10,"1":2,"2":2},"f":{},"b":{}}
,"E:\\arithmetic-calculator-frontend\\src\\app\\components\\guards\\auth-guard.tsx": {"path":"E:\\arithmetic-calculator-frontend\\src\\app\\components\\guards\\auth-guard.tsx","statementMap":{"0":{"start":{"line":29,"column":0},"end":{"line":29,"column":15}},"1":{"start":{"line":3,"column":26},"end":{"line":3,"column":null}},"2":{"start":{"line":4,"column":36},"end":{"line":4,"column":null}},"3":{"start":{"line":5,"column":28},"end":{"line":5,"column":null}},"4":{"start":{"line":9,"column":44},"end":{"line":27,"column":null}},"5":{"start":{"line":10,"column":30},"end":{"line":10,"column":null}},"6":{"start":{"line":10,"column":64},"end":{"line":10,"column":74}},"7":{"start":{"line":11,"column":17},"end":{"line":11,"column":null}},"8":{"start":{"line":12,"column":32},"end":{"line":12,"column":null}},"9":{"start":{"line":14,"column":2},"end":{"line":20,"column":null}},"10":{"start":{"line":15,"column":4},"end":{"line":19,"column":null}},"11":{"start":{"line":16,"column":6},"end":{"line":16,"column":null}},"12":{"start":{"line":18,"column":6},"end":{"line":18,"column":null}},"13":{"start":{"line":22,"column":2},"end":{"line":24,"column":null}},"14":{"start":{"line":23,"column":4},"end":{"line":23,"column":null}},"15":{"start":{"line":29,"column":15},"end":{"line":29,"column":null}}},"fnMap":{"0":{"name":"(anonymous_1)","decl":{"start":{"line":9,"column":44},"end":{"line":9,"column":45}},"loc":{"start":{"line":9,"column":57},"end":{"line":27,"column":null}}},"1":{"name":"(anonymous_2)","decl":{"start":{"line":10,"column":42},"end":{"line":10,"column":43}},"loc":{"start":{"line":10,"column":64},"end":{"line":10,"column":74}}},"2":{"name":"(anonymous_3)","decl":{"start":{"line":14,"column":12},"end":{"line":14,"column":null}},"loc":{"start":{"line":14,"column":12},"end":{"line":20,"column":5}}}},"branchMap":{"0":{"loc":{"start":{"line":15,"column":4},"end":{"line":19,"column":null}},"type":"if","locations":[{"start":{"line":15,"column":4},"end":{"line":19,"column":null}},{"start":{"line":17,"column":11},"end":{"line":19,"column":null}}]},"1":{"loc":{"start":{"line":22,"column":2},"end":{"line":24,"column":null}},"type":"if","locations":[{"start":{"line":22,"column":2},"end":{"line":24,"column":null}}]}},"s":{"0":3,"1":1,"2":1,"3":1,"4":1,"5":4,"6":0,"7":4,"8":4,"9":4,"10":3,"11":2,"12":1,"13":4,"14":3,"15":1},"f":{"0":4,"1":0,"2":3},"b":{"0":[2,1],"1":[3]}}
,"E:\\arithmetic-calculator-frontend\\src\\app\\components\\molecules\\AuthLink\\index.tsx": {"path":"E:\\arithmetic-calculator-frontend\\src\\app\\components\\molecules\\AuthLink\\index.tsx","statementMap":{"0":{"start":{"line":53,"column":0},"end":{"line":53,"column":15}},"1":{"start":{"line":1,"column":26},"end":{"line":1,"column":null}},"2":{"start":{"line":2,"column":17},"end":{"line":2,"column":null}},"3":{"start":{"line":10,"column":42},"end":{"line":51,"column":null}},"4":{"start":{"line":53,"column":15},"end":{"line":53,"column":null}}},"fnMap":{"0":{"name":"(anonymous_2)","decl":{"start":{"line":10,"column":42},"end":{"line":10,"column":43}},"loc":{"start":{"line":14,"column":1},"end":{"line":51,"column":null}}}},"branchMap":{},"s":{"0":3,"1":1,"2":1,"3":1,"4":1},"f":{"0":3},"b":{}}
,"E:\\arithmetic-calculator-frontend\\src\\app\\components\\molecules\\ConfirmationModal\\index.tsx": {"path":"E:\\arithmetic-calculator-frontend\\src\\app\\components\\molecules\\ConfirmationModal\\index.tsx","statementMap":{"0":{"start":{"line":56,"column":0},"end":{"line":56,"column":15}},"1":{"start":{"line":1,"column":18},"end":{"line":1,"column":null}},"2":{"start":{"line":2,"column":26},"end":{"line":2,"column":null}},"3":{"start":{"line":3,"column":17},"end":{"line":3,"column":null}},"4":{"start":{"line":4,"column":19},"end":{"line":4,"column":null}},"5":{"start":{"line":13,"column":60},"end":{"line":54,"column":null}},"6":{"start":{"line":19,"column":2},"end":{"line":19,"column":null}},"7":{"start":{"line":19,"column":15},"end":{"line":19,"column":null}},"8":{"start":{"line":56,"column":15},"end":{"line":56,"column":null}}},"fnMap":{"0":{"name":"(anonymous_2)","decl":{"start":{"line":13,"column":60},"end":{"line":13,"column":61}},"loc":{"start":{"line":18,"column":1},"end":{"line":54,"column":null}}}},"branchMap":{"0":{"loc":{"start":{"line":19,"column":2},"end":{"line":19,"column":null}},"type":"if","locations":[{"start":{"line":19,"column":2},"end":{"line":19,"column":null}}]}},"s":{"0":4,"1":1,"2":1,"3":1,"4":1,"5":1,"6":4,"7":1,"8":1},"f":{"0":4},"b":{"0":[1]}}
,"E:\\arithmetic-calculator-frontend\\src\\app\\components\\molecules\\FilterInput\\index.tsx": {"path":"E:\\arithmetic-calculator-frontend\\src\\app\\components\\molecules\\FilterInput\\index.tsx","statementMap":{"0":{"start":{"line":26,"column":0},"end":{"line":26,"column":15}},"1":{"start":{"line":1,"column":18},"end":{"line":1,"column":null}},"2":{"start":{"line":2,"column":18},"end":{"line":2,"column":null}},"3":{"start":{"line":10,"column":48},"end":{"line":24,"column":null}},"4":{"start":{"line":20,"column":23},"end":{"line":20,"column":null}},"5":{"start":{"line":26,"column":15},"end":{"line":26,"column":null}}},"fnMap":{"0":{"name":"(anonymous_2)","decl":{"start":{"line":10,"column":48},"end":{"line":10,"column":49}},"loc":{"start":{"line":15,"column":1},"end":{"line":24,"column":null}}},"1":{"name":"(anonymous_3)","decl":{"start":{"line":20,"column":16},"end":{"line":20,"column":17}},"loc":{"start":{"line":20,"column":23},"end":{"line":20,"column":null}}}},"branchMap":{},"s":{"0":13,"1":3,"2":3,"3":3,"4":3,"5":3},"f":{"0":13,"1":3},"b":{}}
,"E:\\arithmetic-calculator-frontend\\src\\app\\components\\molecules\\Filters\\index.tsx": {"path":"E:\\arithmetic-calculator-frontend\\src\\app\\components\\molecules\\Filters\\index.tsx","statementMap":{"0":{"start":{"line":77,"column":0},"end":{"line":77,"column":15}},"1":{"start":{"line":1,"column":18},"end":{"line":1,"column":null}},"2":{"start":{"line":2,"column":21},"end":{"line":2,"column":null}},"3":{"start":{"line":3,"column":24},"end":{"line":3,"column":null}},"4":{"start":{"line":5,"column":32},"end":{"line":5,"column":null}},"5":{"start":{"line":15,"column":40},"end":{"line":75,"column":null}},"6":{"start":{"line":16,"column":18},"end":{"line":23,"column":null}},"7":{"start":{"line":26,"column":4},"end":{"line":27,"column":null}},"8":{"start":{"line":26,"column":29},"end":{"line":26,"column":58}},"9":{"start":{"line":46,"column":27},"end":{"line":46,"column":null}},"10":{"start":{"line":55,"column":12},"end":{"line":56,"column":null}},"11":{"start":{"line":57,"column":29},"end":{"line":57,"column":null}},"12":{"start":{"line":71,"column":29},"end":{"line":71,"column":null}},"13":{"start":{"line":77,"column":15},"end":{"line":77,"column":null}}},"fnMap":{"0":{"name":"(anonymous_2)","decl":{"start":{"line":15,"column":40},"end":{"line":15,"column":41}},"loc":{"start":{"line":15,"column":68},"end":{"line":75,"column":null}}},"1":{"name":"(anonymous_3)","decl":{"start":{"line":26,"column":17},"end":{"line":26,"column":18}},"loc":{"start":{"line":26,"column":29},"end":{"line":26,"column":58}}},"2":{"name":"(anonymous_4)","decl":{"start":{"line":46,"column":21},"end":{"line":46,"column":27}},"loc":{"start":{"line":46,"column":27},"end":{"line":46,"column":null}}},"3":{"name":"(anonymous_5)","decl":{"start":{"line":54,"column":23},"end":{"line":54,"column":24}},"loc":{"start":{"line":55,"column":12},"end":{"line":56,"column":null}}},"4":{"name":"(anonymous_6)","decl":{"start":{"line":57,"column":23},"end":{"line":57,"column":29}},"loc":{"start":{"line":57,"column":29},"end":{"line":57,"column":null}}},"5":{"name":"(anonymous_7)","decl":{"start":{"line":71,"column":18},"end":{"line":71,"column":19}},"loc":{"start":{"line":71,"column":29},"end":{"line":71,"column":null}}}},"branchMap":{"0":{"loc":{"start":{"line":26,"column":4},"end":{"line":27,"column":null}},"type":"binary-expr","locations":[{"start":{"line":26,"column":4},"end":{"line":26,"column":null}},{"start":{"line":27,"column":4},"end":{"line":27,"column":null}}]}},"s":{"0":9,"1":2,"2":2,"3":2,"4":2,"5":2,"6":9,"7":9,"8":49,"9":1,"10":54,"11":1,"12":2,"13":2},"f":{"0":9,"1":49,"2":1,"3":54,"4":1,"5":2},"b":{"0":[9,8]}}
,"E:\\arithmetic-calculator-frontend\\src\\app\\components\\molecules\\FormInputField\\index.tsx": {"path":"E:\\arithmetic-calculator-frontend\\src\\app\\components\\molecules\\FormInputField\\index.tsx","statementMap":{"0":{"start":{"line":37,"column":0},"end":{"line":37,"column":15}},"1":{"start":{"line":1,"column":18},"end":{"line":1,"column":null}},"2":{"start":{"line":2,"column":23},"end":{"line":2,"column":null}},"3":{"start":{"line":10,"column":54},"end":{"line":14,"column":null}},"4":{"start":{"line":14,"column":2},"end":{"line":14,"column":null}},"5":{"start":{"line":19,"column":8},"end":{"line":23,"column":null}},"6":{"start":{"line":20,"column":10},"end":{"line":22,"column":null}},"7":{"start":{"line":37,"column":15},"end":{"line":37,"column":null}}},"fnMap":{"0":{"name":"(anonymous_2)","decl":{"start":{"line":10,"column":54},"end":{"line":10,"column":55}},"loc":{"start":{"line":14,"column":2},"end":{"line":14,"column":null}}},"1":{"name":"(anonymous_3)","decl":{"start":{"line":18,"column":16},"end":{"line":18,"column":17}},"loc":{"start":{"line":18,"column":17},"end":{"line":24,"column":null}}}},"branchMap":{"0":{"loc":{"start":{"line":19,"column":8},"end":{"line":23,"column":null}},"type":"if","locations":[{"start":{"line":19,"column":8},"end":{"line":23,"column":null}}]},"1":{"loc":{"start":{"line":33,"column":5},"end":{"line":33,"column":44}},"type":"binary-expr","locations":[{"start":{"line":33,"column":5},"end":{"line":33,"column":20}},{"start":{"line":33,"column":24},"end":{"line":33,"column":44}}]}},"s":{"0":6,"1":1,"2":1,"3":1,"4":6,"5":1,"6":1,"7":1},"f":{"0":6,"1":1},"b":{"0":[1],"1":[6,1]}}
,"E:\\arithmetic-calculator-frontend\\src\\app\\components\\molecules\\FormLayout\\index.tsx": {"path":"E:\\arithmetic-calculator-frontend\\src\\app\\components\\molecules\\FormLayout\\index.tsx","statementMap":{"0":{"start":{"line":48,"column":0},"end":{"line":48,"column":15}},"1":{"start":{"line":1,"column":18},"end":{"line":1,"column":null}},"2":{"start":{"line":2,"column":26},"end":{"line":2,"column":null}},"3":{"start":{"line":3,"column":23},"end":{"line":3,"column":null}},"4":{"start":{"line":11,"column":46},"end":{"line":46,"column":null}},"5":{"start":{"line":48,"column":15},"end":{"line":48,"column":null}}},"fnMap":{"0":{"name":"(anonymous_2)","decl":{"start":{"line":11,"column":46},"end":{"line":11,"column":47}},"loc":{"start":{"line":15,"column":1},"end":{"line":46,"column":null}}}},"branchMap":{},"s":{"0":35,"1":3,"2":3,"3":3,"4":3,"5":3},"f":{"0":35},"b":{}}
,"E:\\arithmetic-calculator-frontend\\src\\app\\components\\molecules\\HeaderContent\\index.tsx": {"path":"E:\\arithmetic-calculator-frontend\\src\\app\\components\\molecules\\HeaderContent\\index.tsx","statementMap":{"0":{"start":{"line":16,"column":0},"end":{"line":16,"column":15}},"1":{"start":{"line":1,"column":21},"end":{"line":1,"column":null}},"2":{"start":{"line":2,"column":17},"end":{"line":2,"column":null}},"3":{"start":{"line":16,"column":15},"end":{"line":16,"column":null}}},"fnMap":{},"branchMap":{},"s":{"0":7,"1":2,"2":2,"3":2},"f":{},"b":{}}
,"E:\\arithmetic-calculator-frontend\\src\\app\\components\\molecules\\InputField\\index.tsx": {"path":"E:\\arithmetic-calculator-frontend\\src\\app\\components\\molecules\\InputField\\index.tsx","statementMap":{"0":{"start":{"line":122,"column":0},"end":{"line":122,"column":15}},"1":{"start":{"line":3,"column":32},"end":{"line":3,"column":null}},"2":{"start":{"line":4,"column":32},"end":{"line":4,"column":null}},"3":{"start":{"line":11,"column":7},"end":{"line":11,"column":null}},"4":{"start":{"line":12,"column":25},"end":{"line":12,"column":null}},"5":{"start":{"line":13,"column":18},"end":{"line":13,"column":null}},"6":{"start":{"line":26,"column":23},"end":{"line":30,"column":null}},"7":{"start":{"line":32,"column":46},"end":{"line":120,"column":null}},"8":{"start":{"line":43,"column":42},"end":{"line":43,"column":null}},"9":{"start":{"line":45,"column":35},"end":{"line":45,"column":null}},"10":{"start":{"line":45,"column":41},"end":{"line":45,"column":null}},"11":{"start":{"line":48,"column":4},"end":{"line":48,"column":null}},"12":{"start":{"line":50,"column":19},"end":{"line":50,"column":43}},"13":{"start":{"line":53,"column":4},"end":{"line":53,"column":null}},"14":{"start":{"line":78,"column":25},"end":{"line":78,"column":null}},"15":{"start":{"line":122,"column":15},"end":{"line":122,"column":null}}},"fnMap":{"0":{"name":"(anonymous_5)","decl":{"start":{"line":32,"column":46},"end":{"line":32,"column":47}},"loc":{"start":{"line":42,"column":1},"end":{"line":120,"column":null}}},"1":{"name":"(anonymous_6)","decl":{"start":{"line":45,"column":35},"end":{"line":45,"column":41}},"loc":{"start":{"line":45,"column":41},"end":{"line":45,"column":null}}},"2":{"name":"(anonymous_7)","decl":{"start":{"line":78,"column":18},"end":{"line":78,"column":19}},"loc":{"start":{"line":78,"column":25},"end":{"line":78,"column":null}}}},"branchMap":{"0":{"loc":{"start":{"line":37,"column":2},"end":{"line":37,"column":20}},"type":"default-arg","locations":[{"start":{"line":37,"column":13},"end":{"line":37,"column":20}}]},"1":{"loc":{"start":{"line":48,"column":4},"end":{"line":48,"column":null}},"type":"cond-expr","locations":[{"start":{"line":48,"column":47},"end":{"line":48,"column":60}},{"start":{"line":48,"column":60},"end":{"line":48,"column":null}}]},"2":{"loc":{"start":{"line":48,"column":4},"end":{"line":48,"column":47}},"type":"binary-expr","locations":[{"start":{"line":48,"column":4},"end":{"line":48,"column":31}},{"start":{"line":48,"column":31},"end":{"line":48,"column":47}}]},"3":{"loc":{"start":{"line":53,"column":4},"end":{"line":53,"column":null}},"type":"cond-expr","locations":[{"start":{"line":53,"column":28},"end":{"line":53,"column":41}},{"start":{"line":53,"column":41},"end":{"line":53,"column":null}}]},"4":{"loc":{"start":{"line":53,"column":41},"end":{"line":53,"column":null}},"type":"cond-expr","locations":[{"start":{"line":53,"column":51},"end":{"line":53,"column":65}},{"start":{"line":53,"column":65},"end":{"line":53,"column":null}}]},"5":{"loc":{"start":{"line":57,"column":7},"end":{"line":57,"column":null}},"type":"binary-expr","locations":[{"start":{"line":57,"column":7},"end":{"line":57,"column":null}}]},"6":{"loc":{"start":{"line":82,"column":22},"end":{"line":82,"column":null}},"type":"cond-expr","locations":[{"start":{"line":82,"column":37},"end":{"line":82,"column":46}},{"start":{"line":82,"column":46},"end":{"line":82,"column":null}}]},"7":{"loc":{"start":{"line":84,"column":12},"end":{"line":84,"column":null}},"type":"cond-expr","locations":[{"start":{"line":84,"column":38},"end":{"line":84,"column":49}},{"start":{"line":84,"column":49},"end":{"line":84,"column":null}}]},"8":{"loc":{"start":{"line":96,"column":7},"end":{"line":96,"column":null}},"type":"binary-expr","locations":[{"start":{"line":96,"column":7},"end":{"line":96,"column":null}}]},"9":{"loc":{"start":{"line":110,"column":12},"end":{"line":112,"column":13}},"type":"cond-expr","locations":[{"start":{"line":110,"column":12},"end":{"line":112,"column":13}}]},"10":{"loc":{"start":{"line":117,"column":7},"end":{"line":117,"column":23}},"type":"binary-expr","locations":[{"start":{"line":117,"column":7},"end":{"line":117,"column":23}}]}},"s":{"0":123,"1":6,"2":6,"3":6,"4":6,"5":6,"6":6,"7":6,"8":125,"9":125,"10":2,"11":125,"12":125,"13":125,"14":25,"15":6},"f":{"0":125,"1":2,"2":25},"b":{"0":[36],"1":[41,84],"2":[125,42],"3":[119,6],"4":[5,1],"5":[125],"6":[7,118],"7":[42,83],"8":[125],"9":[1],"10":[125]}}
,"E:\\arithmetic-calculator-frontend\\src\\app\\components\\molecules\\LoginForm\\index.tsx": {"path":"E:\\arithmetic-calculator-frontend\\src\\app\\components\\molecules\\LoginForm\\index.tsx","statementMap":{"0":{"start":{"line":73,"column":0},"end":{"line":73,"column":15}},"1":{"start":{"line":3,"column":23},"end":{"line":3,"column":null}},"2":{"start":{"line":4,"column":19},"end":{"line":4,"column":null}},"3":{"start":{"line":5,"column":18},"end":{"line":5,"column":null}},"4":{"start":{"line":6,"column":17},"end":{"line":6,"column":null}},"5":{"start":{"line":7,"column":20},"end":{"line":7,"column":null}},"6":{"start":{"line":9,"column":20},"end":{"line":9,"column":null}},"7":{"start":{"line":11,"column":44},"end":{"line":71,"column":null}},"8":{"start":{"line":19,"column":22},"end":{"line":19,"column":null}},"9":{"start":{"line":29,"column":14},"end":{"line":31,"column":null}},"10":{"start":{"line":40,"column":14},"end":{"line":42,"column":null}},"11":{"start":{"line":73,"column":15},"end":{"line":73,"column":null}}},"fnMap":{"0":{"name":"(anonymous_2)","decl":{"start":{"line":11,"column":44},"end":{"line":11,"column":45}},"loc":{"start":{"line":18,"column":1},"end":{"line":71,"column":null}}},"1":{"name":"(anonymous_3)","decl":{"start":{"line":28,"column":22},"end":{"line":28,"column":23}},"loc":{"start":{"line":29,"column":14},"end":{"line":31,"column":null}}},"2":{"name":"(anonymous_4)","decl":{"start":{"line":39,"column":22},"end":{"line":39,"column":23}},"loc":{"start":{"line":40,"column":14},"end":{"line":42,"column":null}}}},"branchMap":{"0":{"loc":{"start":{"line":17,"column":2},"end":{"line":17,"column":19}},"type":"default-arg","locations":[{"start":{"line":17,"column":14},"end":{"line":17,"column":19}}]},"1":{"loc":{"start":{"line":19,"column":22},"end":{"line":19,"column":null}},"type":"binary-expr","locations":[{"start":{"line":19,"column":22},"end":{"line":19,"column":52}},{"start":{"line":19,"column":52},"end":{"line":19,"column":null}}]},"2":{"loc":{"start":{"line":61,"column":7},"end":{"line":61,"column":null}},"type":"binary-expr","locations":[{"start":{"line":61,"column":7},"end":{"line":61,"column":null}}]}},"s":{"0":39,"1":3,"2":3,"3":3,"4":3,"5":3,"6":3,"7":3,"8":39,"9":8,"10":8,"11":3},"f":{"0":39,"1":8,"2":8},"b":{"0":[0],"1":[39,24],"2":[39]}}
,"E:\\arithmetic-calculator-frontend\\src\\app\\components\\molecules\\OperationSelect\\index.tsx": {"path":"E:\\arithmetic-calculator-frontend\\src\\app\\components\\molecules\\OperationSelect\\index.tsx","statementMap":{"0":{"start":{"line":60,"column":0},"end":{"line":60,"column":15}},"1":{"start":{"line":1,"column":61},"end":{"line":1,"column":null}},"2":{"start":{"line":2,"column":32},"end":{"line":2,"column":null}},"3":{"start":{"line":17,"column":56},"end":{"line":58,"column":null}},"4":{"start":{"line":24,"column":4},"end":{"line":24,"column":null}},"5":{"start":{"line":24,"column":29},"end":{"line":24,"column":53}},"6":{"start":{"line":45,"column":10},"end":{"line":46,"column":null}},"7":{"start":{"line":47,"column":27},"end":{"line":47,"column":null}},"8":{"start":{"line":60,"column":15},"end":{"line":60,"column":null}}},"fnMap":{"0":{"name":"(anonymous_1)","decl":{"start":{"line":17,"column":56},"end":{"line":17,"column":57}},"loc":{"start":{"line":22,"column":1},"end":{"line":58,"column":null}}},"1":{"name":"(anonymous_2)","decl":{"start":{"line":24,"column":17},"end":{"line":24,"column":18}},"loc":{"start":{"line":24,"column":29},"end":{"line":24,"column":53}}},"2":{"name":"(anonymous_3)","decl":{"start":{"line":44,"column":21},"end":{"line":44,"column":22}},"loc":{"start":{"line":45,"column":10},"end":{"line":46,"column":null}}},"3":{"name":"(anonymous_4)","decl":{"start":{"line":47,"column":21},"end":{"line":47,"column":27}},"loc":{"start":{"line":47,"column":27},"end":{"line":47,"column":null}}}},"branchMap":{"0":{"loc":{"start":{"line":24,"column":4},"end":{"line":24,"column":null}},"type":"binary-expr","locations":[{"start":{"line":24,"column":4},"end":{"line":24,"column":61}},{"start":{"line":24,"column":61},"end":{"line":24,"column":null}}]}},"s":{"0":28,"1":2,"2":2,"3":2,"4":28,"5":104,"6":134,"7":6,"8":2},"f":{"0":28,"1":104,"2":134,"3":6},"b":{"0":[28,11]}}
,"E:\\arithmetic-calculator-frontend\\src\\app\\components\\molecules\\PaginationControls\\index.tsx": {"path":"E:\\arithmetic-calculator-frontend\\src\\app\\components\\molecules\\PaginationControls\\index.tsx","statementMap":{"0":{"start":{"line":48,"column":0},"end":{"line":48,"column":15}},"1":{"start":{"line":1,"column":18},"end":{"line":1,"column":null}},"2":{"start":{"line":2,"column":21},"end":{"line":2,"column":null}},"3":{"start":{"line":3,"column":19},"end":{"line":3,"column":null}},"4":{"start":{"line":4,"column":17},"end":{"line":4,"column":null}},"5":{"start":{"line":13,"column":62},"end":{"line":46,"column":null}},"6":{"start":{"line":19,"column":23},"end":{"line":19,"column":null}},"7":{"start":{"line":20,"column":18},"end":{"line":20,"column":null}},"8":{"start":{"line":21,"column":17},"end":{"line":21,"column":null}},"9":{"start":{"line":48,"column":15},"end":{"line":48,"column":null}}},"fnMap":{"0":{"name":"(anonymous_2)","decl":{"start":{"line":13,"column":62},"end":{"line":13,"column":63}},"loc":{"start":{"line":18,"column":1},"end":{"line":46,"column":null}}}},"branchMap":{"0":{"loc":{"start":{"line":27,"column":18},"end":{"line":27,"column":null}},"type":"binary-expr","locations":[{"start":{"line":27,"column":18},"end":{"line":27,"column":29}},{"start":{"line":27,"column":29},"end":{"line":27,"column":null}}]},"1":{"loc":{"start":{"line":28,"column":23},"end":{"line":28,"column":null}},"type":"binary-expr","locations":[{"start":{"line":28,"column":23},"end":{"line":28,"column":34}},{"start":{"line":28,"column":34},"end":{"line":28,"column":null}}]},"2":{"loc":{"start":{"line":29,"column":21},"end":{"line":29,"column":null}},"type":"cond-expr","locations":[{"start":{"line":29,"column":47},"end":{"line":29,"column":56}},{"start":{"line":29,"column":56},"end":{"line":29,"column":null}}]},"3":{"loc":{"start":{"line":29,"column":21},"end":{"line":29,"column":47}},"type":"binary-expr","locations":[{"start":{"line":29,"column":21},"end":{"line":29,"column":32}},{"start":{"line":29,"column":32},"end":{"line":29,"column":47}}]},"4":{"loc":{"start":{"line":38,"column":18},"end":{"line":38,"column":null}},"type":"binary-expr","locations":[{"start":{"line":38,"column":18},"end":{"line":38,"column":28}},{"start":{"line":38,"column":28},"end":{"line":38,"column":null}}]},"5":{"loc":{"start":{"line":39,"column":23},"end":{"line":39,"column":null}},"type":"binary-expr","locations":[{"start":{"line":39,"column":23},"end":{"line":39,"column":33}},{"start":{"line":39,"column":33},"end":{"line":39,"column":null}}]},"6":{"loc":{"start":{"line":40,"column":21},"end":{"line":40,"column":null}},"type":"cond-expr","locations":[{"start":{"line":40,"column":46},"end":{"line":40,"column":55}},{"start":{"line":40,"column":55},"end":{"line":40,"column":null}}]},"7":{"loc":{"start":{"line":40,"column":21},"end":{"line":40,"column":46}},"type":"binary-expr","locations":[{"start":{"line":40,"column":21},"end":{"line":40,"column":31}},{"start":{"line":40,"column":31},"end":{"line":40,"column":46}}]}},"s":{"0":10,"1":2,"2":2,"3":2,"4":2,"5":2,"6":10,"7":10,"8":10,"9":2},"f":{"0":10},"b":{"0":[10,5],"1":[10,5],"2":[6,4],"3":[10,5],"4":[10,5],"5":[10,5],"6":[6,4],"7":[10,5]}}
,"E:\\arithmetic-calculator-frontend\\src\\app\\components\\molecules\\PaginationSelect\\index.tsx": {"path":"E:\\arithmetic-calculator-frontend\\src\\app\\components\\molecules\\PaginationSelect\\index.tsx","statementMap":{"0":{"start":{"line":39,"column":0},"end":{"line":39,"column":15}},"1":{"start":{"line":1,"column":47},"end":{"line":1,"column":null}},"2":{"start":{"line":2,"column":18},"end":{"line":2,"column":null}},"3":{"start":{"line":9,"column":58},"end":{"line":37,"column":null}},"4":{"start":{"line":13,"column":30},"end":{"line":17,"column":null}},"5":{"start":{"line":24,"column":25},"end":{"line":24,"column":null}},"6":{"start":{"line":30,"column":10},"end":{"line":30,"column":null}},"7":{"start":{"line":39,"column":15},"end":{"line":39,"column":null}}},"fnMap":{"0":{"name":"(anonymous_2)","decl":{"start":{"line":9,"column":58},"end":{"line":9,"column":59}},"loc":{"start":{"line":12,"column":1},"end":{"line":37,"column":null}}},"1":{"name":"(anonymous_3)","decl":{"start":{"line":24,"column":18},"end":{"line":24,"column":19}},"loc":{"start":{"line":24,"column":25},"end":{"line":24,"column":null}}},"2":{"name":"(anonymous_4)","decl":{"start":{"line":29,"column":33},"end":{"line":29,"column":34}},"loc":{"start":{"line":30,"column":10},"end":{"line":30,"column":null}}}},"branchMap":{},"s":{"0":4,"1":1,"2":1,"3":1,"4":4,"5":1,"6":12,"7":1},"f":{"0":4,"1":1,"2":12},"b":{}}
,"E:\\arithmetic-calculator-frontend\\src\\app\\components\\molecules\\PreviewBox\\index.tsx": {"path":"E:\\arithmetic-calculator-frontend\\src\\app\\components\\molecules\\PreviewBox\\index.tsx","statementMap":{"0":{"start":{"line":37,"column":0},"end":{"line":37,"column":15}},"1":{"start":{"line":1,"column":20},"end":{"line":1,"column":null}},"2":{"start":{"line":2,"column":17},"end":{"line":2,"column":null}},"3":{"start":{"line":11,"column":46},"end":{"line":35,"column":null}},"4":{"start":{"line":37,"column":15},"end":{"line":37,"column":null}}},"fnMap":{"0":{"name":"(anonymous_2)","decl":{"start":{"line":11,"column":46},"end":{"line":11,"column":47}},"loc":{"start":{"line":16,"column":1},"end":{"line":35,"column":null}}}},"branchMap":{"0":{"loc":{"start":{"line":23,"column":48},"end":{"line":23,"column":null}},"type":"binary-expr","locations":[{"start":{"line":23,"column":48},"end":{"line":23,"column":61}},{"start":{"line":23,"column":61},"end":{"line":23,"column":null}}]},"1":{"loc":{"start":{"line":26,"column":35},"end":{"line":26,"column":null}},"type":"binary-expr","locations":[{"start":{"line":26,"column":35},"end":{"line":26,"column":45}},{"start":{"line":26,"column":45},"end":{"line":26,"column":null}}]},"2":{"loc":{"start":{"line":28,"column":7},"end":{"line":28,"column":null}},"type":"binary-expr","locations":[{"start":{"line":28,"column":7},"end":{"line":28,"column":null}}]},"3":{"loc":{"start":{"line":30,"column":37},"end":{"line":30,"column":null}},"type":"binary-expr","locations":[{"start":{"line":30,"column":37},"end":{"line":30,"column":47}},{"start":{"line":30,"column":47},"end":{"line":30,"column":null}}]}},"s":{"0":28,"1":2,"2":2,"3":2,"4":2},"f":{"0":28},"b":{"0":[28,10],"1":[28,14],"2":[28],"3":[13,7]}}
,"E:\\arithmetic-calculator-frontend\\src\\app\\components\\molecules\\RecordTableHeader\\index.tsx": {"path":"E:\\arithmetic-calculator-frontend\\src\\app\\components\\molecules\\RecordTableHeader\\index.tsx","statementMap":{"0":{"start":{"line":53,"column":0},"end":{"line":53,"column":15}},"1":{"start":{"line":1,"column":18},"end":{"line":1,"column":null}},"2":{"start":{"line":2,"column":43},"end":{"line":2,"column":null}},"3":{"start":{"line":3,"column":43},"end":{"line":3,"column":null}},"4":{"start":{"line":4,"column":24},"end":{"line":4,"column":null}},"5":{"start":{"line":11,"column":60},"end":{"line":51,"column":null}},"6":{"start":{"line":53,"column":15},"end":{"line":53,"column":null}}},"fnMap":{"0":{"name":"(anonymous_2)","decl":{"start":{"line":11,"column":60},"end":{"line":11,"column":61}},"loc":{"start":{"line":14,"column":1},"end":{"line":51,"column":null}}}},"branchMap":{"0":{"loc":{"start":{"line":33,"column":16},"end":{"line":33,"column":null}},"type":"cond-expr","locations":[{"start":{"line":33,"column":38},"end":{"line":33,"column":56}},{"start":{"line":33,"column":56},"end":{"line":33,"column":null}}]},"1":{"loc":{"start":{"line":35,"column":20},"end":{"line":35,"column":null}},"type":"cond-expr","locations":[{"start":{"line":35,"column":42},"end":{"line":35,"column":60}},{"start":{"line":35,"column":60},"end":{"line":35,"column":null}}]}},"s":{"0":8,"1":2,"2":2,"3":2,"4":2,"5":2,"6":2},"f":{"0":8},"b":{"0":[3,5],"1":[3,5]}}
,"E:\\arithmetic-calculator-frontend\\src\\app\\components\\molecules\\RecordTableRow\\index.tsx": {"path":"E:\\arithmetic-calculator-frontend\\src\\app\\components\\molecules\\RecordTableRow\\index.tsx","statementMap":{"0":{"start":{"line":41,"column":0},"end":{"line":41,"column":15}},"1":{"start":{"line":1,"column":18},"end":{"line":1,"column":null}},"2":{"start":{"line":2,"column":28},"end":{"line":2,"column":null}},"3":{"start":{"line":4,"column":27},"end":{"line":4,"column":null}},"4":{"start":{"line":5,"column":19},"end":{"line":5,"column":null}},"5":{"start":{"line":6,"column":24},"end":{"line":6,"column":null}},"6":{"start":{"line":13,"column":54},"end":{"line":39,"column":null}},"7":{"start":{"line":30,"column":27},"end":{"line":30,"column":null}},"8":{"start":{"line":41,"column":15},"end":{"line":41,"column":null}}},"fnMap":{"0":{"name":"(anonymous_2)","decl":{"start":{"line":13,"column":54},"end":{"line":13,"column":55}},"loc":{"start":{"line":16,"column":1},"end":{"line":39,"column":null}}},"1":{"name":"(anonymous_3)","decl":{"start":{"line":30,"column":21},"end":{"line":30,"column":27}},"loc":{"start":{"line":30,"column":27},"end":{"line":30,"column":null}}}},"branchMap":{},"s":{"0":10,"1":2,"2":2,"3":2,"4":2,"5":2,"6":2,"7":3,"8":2},"f":{"0":10,"1":3},"b":{}}
,"E:\\arithmetic-calculator-frontend\\src\\app\\components\\molecules\\SidebarContent\\index.tsx": {"path":"E:\\arithmetic-calculator-frontend\\src\\app\\components\\molecules\\SidebarContent\\index.tsx","statementMap":{"0":{"start":{"line":31,"column":0},"end":{"line":31,"column":15}},"1":{"start":{"line":3,"column":26},"end":{"line":3,"column":null}},"2":{"start":{"line":4,"column":24},"end":{"line":4,"column":null}},"3":{"start":{"line":5,"column":26},"end":{"line":5,"column":null}},"4":{"start":{"line":6,"column":20},"end":{"line":6,"column":null}},"5":{"start":{"line":12,"column":23},"end":{"line":29,"column":null}},"6":{"start":{"line":13,"column":17},"end":{"line":13,"column":null}},"7":{"start":{"line":18,"column":8},"end":{"line":19,"column":null}},"8":{"start":{"line":23,"column":25},"end":{"line":23,"column":null}},"9":{"start":{"line":31,"column":15},"end":{"line":31,"column":null}}},"fnMap":{"0":{"name":"(anonymous_2)","decl":{"start":{"line":12,"column":23},"end":{"line":12,"column":24}},"loc":{"start":{"line":12,"column":59},"end":{"line":29,"column":null}}},"1":{"name":"(anonymous_3)","decl":{"start":{"line":17,"column":21},"end":{"line":17,"column":22}},"loc":{"start":{"line":18,"column":8},"end":{"line":19,"column":null}}},"2":{"name":"(anonymous_4)","decl":{"start":{"line":23,"column":19},"end":{"line":23,"column":25}},"loc":{"start":{"line":23,"column":25},"end":{"line":23,"column":null}}}},"branchMap":{},"s":{"0":8,"1":2,"2":2,"3":2,"4":2,"5":2,"6":8,"7":8,"8":1,"9":2},"f":{"0":8,"1":8,"2":1},"b":{}}
,"E:\\arithmetic-calculator-frontend\\src\\app\\components\\molecules\\SidebarItem\\index.tsx": {"path":"E:\\arithmetic-calculator-frontend\\src\\app\\components\\molecules\\SidebarItem\\index.tsx","statementMap":{"0":{"start":{"line":60,"column":0},"end":{"line":60,"column":15}},"1":{"start":{"line":3,"column":27},"end":{"line":3,"column":null}},"2":{"start":{"line":5,"column":23},"end":{"line":5,"column":null}},"3":{"start":{"line":6,"column":17},"end":{"line":6,"column":null}},"4":{"start":{"line":7,"column":28},"end":{"line":7,"column":null}},"5":{"start":{"line":17,"column":20},"end":{"line":58,"column":null}},"6":{"start":{"line":24,"column":19},"end":{"line":24,"column":null}},"7":{"start":{"line":25,"column":19},"end":{"line":25,"column":null}},"8":{"start":{"line":60,"column":15},"end":{"line":60,"column":null}}},"fnMap":{"0":{"name":"(anonymous_2)","decl":{"start":{"line":17,"column":20},"end":{"line":17,"column":21}},"loc":{"start":{"line":23,"column":19},"end":{"line":58,"column":null}}}},"branchMap":{"0":{"loc":{"start":{"line":34,"column":8},"end":{"line":34,"column":null}},"type":"binary-expr","locations":[{"start":{"line":34,"column":8},"end":{"line":34,"column":20}},{"start":{"line":34,"column":20},"end":{"line":34,"column":null}}]},"1":{"loc":{"start":{"line":43,"column":10},"end":{"line":43,"column":null}},"type":"cond-expr","locations":[{"start":{"line":43,"column":21},"end":{"line":43,"column":40}},{"start":{"line":43,"column":40},"end":{"line":43,"column":null}}]},"2":{"loc":{"start":{"line":47,"column":7},"end":{"line":47,"column":null}},"type":"binary-expr","locations":[{"start":{"line":47,"column":7},"end":{"line":47,"column":null}}]},"3":{"loc":{"start":{"line":51,"column":28},"end":{"line":51,"column":null}},"type":"binary-expr","locations":[{"start":{"line":51,"column":28},"end":{"line":51,"column":40}},{"start":{"line":51,"column":40},"end":{"line":51,"column":null}}]}},"s":{"0":11,"1":3,"2":3,"3":3,"4":3,"5":3,"6":11,"7":11,"8":3},"f":{"0":11},"b":{"0":[11,11],"1":[11,0],"2":[11],"3":[6,6]}}
,"E:\\arithmetic-calculator-frontend\\src\\app\\components\\molecules\\Spinner\\index.tsx": {"path":"E:\\arithmetic-calculator-frontend\\src\\app\\components\\molecules\\Spinner\\index.tsx","statementMap":{"0":{"start":{"line":37,"column":0},"end":{"line":37,"column":15}},"1":{"start":{"line":1,"column":18},"end":{"line":1,"column":null}},"2":{"start":{"line":2,"column":24},"end":{"line":2,"column":null}},"3":{"start":{"line":3,"column":17},"end":{"line":3,"column":null}},"4":{"start":{"line":4,"column":20},"end":{"line":4,"column":null}},"5":{"start":{"line":15,"column":40},"end":{"line":35,"column":null}},"6":{"start":{"line":37,"column":15},"end":{"line":37,"column":null}}},"fnMap":{"0":{"name":"(anonymous_2)","decl":{"start":{"line":15,"column":40},"end":{"line":15,"column":41}},"loc":{"start":{"line":22,"column":1},"end":{"line":35,"column":null}}}},"branchMap":{"0":{"loc":{"start":{"line":21,"column":2},"end":{"line":21,"column":24}},"type":"default-arg","locations":[{"start":{"line":21,"column":15},"end":{"line":21,"column":24}}]},"1":{"loc":{"start":{"line":30,"column":7},"end":{"line":30,"column":null}},"type":"binary-expr","locations":[{"start":{"line":30,"column":7},"end":{"line":30,"column":null}}]}},"s":{"0":17,"1":9,"2":9,"3":9,"4":9,"5":9,"6":9},"f":{"0":17},"b":{"0":[16],"1":[17]}}
,"E:\\arithmetic-calculator-frontend\\src\\app\\components\\molecules\\UserActions\\index.tsx": {"path":"E:\\arithmetic-calculator-frontend\\src\\app\\components\\molecules\\UserActions\\index.tsx","statementMap":{"0":{"start":{"line":29,"column":0},"end":{"line":29,"column":15}},"1":{"start":{"line":1,"column":18},"end":{"line":1,"column":null}},"2":{"start":{"line":2,"column":17},"end":{"line":2,"column":null}},"3":{"start":{"line":3,"column":25},"end":{"line":3,"column":null}},"4":{"start":{"line":4,"column":42},"end":{"line":4,"column":null}},"5":{"start":{"line":29,"column":15},"end":{"line":29,"column":null}}},"fnMap":{},"branchMap":{},"s":{"0":8,"1":2,"2":2,"3":2,"4":2,"5":2},"f":{},"b":{}}
,"E:\\arithmetic-calculator-frontend\\src\\app\\components\\organisms\\Footer\\index.tsx": {"path":"E:\\arithmetic-calculator-frontend\\src\\app\\components\\organisms\\Footer\\index.tsx","statementMap":{"0":{"start":{"line":32,"column":0},"end":{"line":32,"column":15}},"1":{"start":{"line":1,"column":21},"end":{"line":1,"column":null}},"2":{"start":{"line":2,"column":17},"end":{"line":2,"column":null}},"3":{"start":{"line":3,"column":23},"end":{"line":3,"column":null}},"4":{"start":{"line":15,"column":15},"end":{"line":30,"column":null}},"5":{"start":{"line":16,"column":22},"end":{"line":16,"column":null}},"6":{"start":{"line":32,"column":15},"end":{"line":32,"column":null}}},"fnMap":{"0":{"name":"(anonymous_2)","decl":{"start":{"line":15,"column":15},"end":{"line":15,"column":16}},"loc":{"start":{"line":15,"column":53},"end":{"line":30,"column":null}}}},"branchMap":{},"s":{"0":6,"1":1,"2":1,"3":1,"4":1,"5":6,"6":1},"f":{"0":6},"b":{}}
,"E:\\arithmetic-calculator-frontend\\src\\app\\components\\organisms\\Header\\index.tsx": {"path":"E:\\arithmetic-calculator-frontend\\src\\app\\components\\organisms\\Header\\index.tsx","statementMap":{"0":{"start":{"line":48,"column":0},"end":{"line":48,"column":15}},"1":{"start":{"line":3,"column":28},"end":{"line":3,"column":null}},"2":{"start":{"line":4,"column":21},"end":{"line":4,"column":null}},"3":{"start":{"line":6,"column":26},"end":{"line":6,"column":null}},"4":{"start":{"line":7,"column":24},"end":{"line":7,"column":null}},"5":{"start":{"line":8,"column":31},"end":{"line":8,"column":null}},"6":{"start":{"line":9,"column":18},"end":{"line":9,"column":null}},"7":{"start":{"line":18,"column":15},"end":{"line":46,"column":null}},"8":{"start":{"line":19,"column":25},"end":{"line":19,"column":null}},"9":{"start":{"line":20,"column":36},"end":{"line":21,"column":null}},"10":{"start":{"line":21,"column":26},"end":{"line":21,"column":36}},"11":{"start":{"line":40,"column":34},"end":{"line":40,"column":null}},"12":{"start":{"line":48,"column":15},"end":{"line":48,"column":null}}},"fnMap":{"0":{"name":"(anonymous_2)","decl":{"start":{"line":18,"column":15},"end":{"line":18,"column":null}},"loc":{"start":{"line":18,"column":15},"end":{"line":46,"column":null}}},"1":{"name":"(anonymous_3)","decl":{"start":{"line":21,"column":4},"end":{"line":21,"column":5}},"loc":{"start":{"line":21,"column":26},"end":{"line":21,"column":36}}},"2":{"name":"(anonymous_4)","decl":{"start":{"line":40,"column":22},"end":{"line":40,"column":34}},"loc":{"start":{"line":40,"column":34},"end":{"line":40,"column":null}}}},"branchMap":{"0":{"loc":{"start":{"line":36,"column":9},"end":{"line":36,"column":null}},"type":"binary-expr","locations":[{"start":{"line":36,"column":9},"end":{"line":36,"column":null}}]},"1":{"loc":{"start":{"line":39,"column":22},"end":{"line":39,"column":null}},"type":"binary-expr","locations":[{"start":{"line":39,"column":22},"end":{"line":39,"column":40}},{"start":{"line":39,"column":40},"end":{"line":39,"column":null}}]}},"s":{"0":5,"1":1,"2":1,"3":1,"4":1,"5":1,"6":1,"7":1,"8":5,"9":5,"10":5,"11":0,"12":1},"f":{"0":5,"1":5,"2":0},"b":{"0":[5],"1":[5,0]}}
,"E:\\arithmetic-calculator-frontend\\src\\app\\components\\organisms\\LoginBox\\index.tsx": {"path":"E:\\arithmetic-calculator-frontend\\src\\app\\components\\organisms\\LoginBox\\index.tsx","statementMap":{"0":{"start":{"line":86,"column":0},"end":{"line":86,"column":15}},"1":{"start":{"line":3,"column":32},"end":{"line":3,"column":null}},"2":{"start":{"line":5,"column":23},"end":{"line":5,"column":null}},"3":{"start":{"line":6,"column":22},"end":{"line":6,"column":null}},"4":{"start":{"line":7,"column":31},"end":{"line":7,"column":null}},"5":{"start":{"line":8,"column":26},"end":{"line":8,"column":null}},"6":{"start":{"line":9,"column":25},"end":{"line":9,"column":null}},"7":{"start":{"line":17,"column":27},"end":{"line":82,"column":null}},"8":{"start":{"line":18,"column":24},"end":{"line":18,"column":null}},"9":{"start":{"line":20,"column":36},"end":{"line":20,"column":null}},"10":{"start":{"line":21,"column":34},"end":{"line":21,"column":null}},"11":{"start":{"line":22,"column":34},"end":{"line":22,"column":null}},"12":{"start":{"line":24,"column":16},"end":{"line":24,"column":null}},"13":{"start":{"line":25,"column":17},"end":{"line":25,"column":null}},"14":{"start":{"line":39,"column":22},"end":{"line":68,"column":null}},"15":{"start":{"line":40,"column":4},"end":{"line":40,"column":null}},"16":{"start":{"line":42,"column":4},"end":{"line":67,"column":null}},"17":{"start":{"line":43,"column":6},"end":{"line":43,"column":null}},"18":{"start":{"line":44,"column":6},"end":{"line":44,"column":null}},"19":{"start":{"line":46,"column":6},"end":{"line":53,"column":null}},"20":{"start":{"line":55,"column":6},"end":{"line":55,"column":null}},"21":{"start":{"line":57,"column":6},"end":{"line":64,"column":null}},"22":{"start":{"line":66,"column":6},"end":{"line":66,"column":null}},"23":{"start":{"line":75,"column":33},"end":{"line":75,"column":null}},"24":{"start":{"line":76,"column":33},"end":{"line":76,"column":null}},"25":{"start":{"line":84,"column":0},"end":{"line":84,"column":null}},"26":{"start":{"line":86,"column":15},"end":{"line":86,"column":null}}},"fnMap":{"0":{"name":"(anonymous_5)","decl":{"start":{"line":17,"column":27},"end":{"line":17,"column":null}},"loc":{"start":{"line":17,"column":27},"end":{"line":82,"column":null}}},"1":{"name":"(anonymous_6)","decl":{"start":{"line":39,"column":22},"end":{"line":39,"column":29}},"loc":{"start":{"line":39,"column":29},"end":{"line":68,"column":null}}},"2":{"name":"(anonymous_7)","decl":{"start":{"line":75,"column":26},"end":{"line":75,"column":27}},"loc":{"start":{"line":75,"column":33},"end":{"line":75,"column":null}}},"3":{"name":"(anonymous_8)","decl":{"start":{"line":76,"column":26},"end":{"line":76,"column":27}},"loc":{"start":{"line":76,"column":33},"end":{"line":76,"column":null}}}},"branchMap":{},"s":{"0":10,"1":2,"2":2,"3":2,"4":2,"5":2,"6":2,"7":2,"8":32,"9":32,"10":32,"11":32,"12":32,"13":32,"14":32,"15":4,"16":4,"17":4,"18":4,"19":2,"20":2,"21":2,"22":4,"23":7,"24":7,"25":2,"26":2},"f":{"0":32,"1":4,"2":7,"3":7},"b":{}}
,"E:\\arithmetic-calculator-frontend\\src\\app\\components\\organisms\\OperationForm\\index.tsx": {"path":"E:\\arithmetic-calculator-frontend\\src\\app\\components\\organisms\\OperationForm\\index.tsx","statementMap":{"0":{"start":{"line":279,"column":0},"end":{"line":279,"column":15}},"1":{"start":{"line":3,"column":41},"end":{"line":3,"column":null}},"2":{"start":{"line":12,"column":7},"end":{"line":12,"column":null}},"3":{"start":{"line":13,"column":28},"end":{"line":13,"column":null}},"4":{"start":{"line":14,"column":23},"end":{"line":14,"column":null}},"5":{"start":{"line":15,"column":23},"end":{"line":15,"column":null}},"6":{"start":{"line":16,"column":36},"end":{"line":16,"column":null}},"7":{"start":{"line":17,"column":23},"end":{"line":17,"column":null}},"8":{"start":{"line":18,"column":34},"end":{"line":18,"column":null}},"9":{"start":{"line":19,"column":17},"end":{"line":19,"column":null}},"10":{"start":{"line":26,"column":23},"end":{"line":277,"column":null}},"11":{"start":{"line":29,"column":52},"end":{"line":30,"column":null}},"12":{"start":{"line":32,"column":30},"end":{"line":32,"column":null}},"13":{"start":{"line":33,"column":30},"end":{"line":33,"column":null}},"14":{"start":{"line":34,"column":30},"end":{"line":34,"column":null}},"15":{"start":{"line":35,"column":30},"end":{"line":35,"column":null}},"16":{"start":{"line":36,"column":32},"end":{"line":36,"column":null}},"17":{"start":{"line":38,"column":46},"end":{"line":38,"column":null}},"18":{"start":{"line":39,"column":43},"end":{"line":39,"column":null}},"19":{"start":{"line":40,"column":16},"end":{"line":40,"column":null}},"20":{"start":{"line":42,"column":28},"end":{"line":44,"column":null}},"21":{"start":{"line":43,"column":10},"end":{"line":43,"column":null}},"22":{"start":{"line":47,"column":28},"end":{"line":52,"column":null}},"23":{"start":{"line":48,"column":10},"end":{"line":50,"column":null}},"24":{"start":{"line":49,"column":6},"end":{"line":50,"column":null}},"25":{"start":{"line":56,"column":4},"end":{"line":68,"column":null}},"26":{"start":{"line":60,"column":4},"end":{"line":68,"column":null}},"27":{"start":{"line":61,"column":6},"end":{"line":61,"column":null}},"28":{"start":{"line":62,"column":20},"end":{"line":62,"column":null}},"29":{"start":{"line":63,"column":6},"end":{"line":66,"column":null}},"30":{"start":{"line":63,"column":27},"end":{"line":66,"column":null}},"31":{"start":{"line":67,"column":6},"end":{"line":67,"column":null}},"32":{"start":{"line":70,"column":27},"end":{"line":98,"column":null}},"33":{"start":{"line":71,"column":25},"end":{"line":71,"column":null}},"34":{"start":{"line":72,"column":25},"end":{"line":72,"column":null}},"35":{"start":{"line":74,"column":25},"end":{"line":78,"column":null}},"36":{"start":{"line":81,"column":4},"end":{"line":84,"column":null}},"37":{"start":{"line":81,"column":25},"end":{"line":84,"column":null}},"38":{"start":{"line":86,"column":4},"end":{"line":95,"column":null}},"39":{"start":{"line":87,"column":6},"end":{"line":94,"column":null}},"40":{"start":{"line":97,"column":4},"end":{"line":97,"column":null}},"41":{"start":{"line":100,"column":22},"end":{"line":108,"column":null}},"42":{"start":{"line":101,"column":4},"end":{"line":101,"column":null}},"43":{"start":{"line":101,"column":28},"end":{"line":101,"column":null}},"44":{"start":{"line":102,"column":4},"end":{"line":102,"column":null}},"45":{"start":{"line":102,"column":64},"end":{"line":102,"column":null}},"46":{"start":{"line":103,"column":4},"end":{"line":103,"column":null}},"47":{"start":{"line":103,"column":17},"end":{"line":103,"column":null}},"48":{"start":{"line":104,"column":4},"end":{"line":106,"column":null}},"49":{"start":{"line":105,"column":6},"end":{"line":105,"column":null}},"50":{"start":{"line":107,"column":4},"end":{"line":107,"column":null}},"51":{"start":{"line":110,"column":23},"end":{"line":147,"column":null}},"52":{"start":{"line":111,"column":28},"end":{"line":111,"column":null}},"53":{"start":{"line":113,"column":4},"end":{"line":115,"column":null}},"54":{"start":{"line":114,"column":6},"end":{"line":114,"column":null}},"55":{"start":{"line":117,"column":4},"end":{"line":117,"column":null}},"56":{"start":{"line":119,"column":20},"end":{"line":124,"column":null}},"57":{"start":{"line":127,"column":4},"end":{"line":146,"column":null}},"58":{"start":{"line":128,"column":30},"end":{"line":130,"column":null}},"59":{"start":{"line":133,"column":6},"end":{"line":133,"column":null}},"60":{"start":{"line":134,"column":6},"end":{"line":134,"column":null}},"61":{"start":{"line":136,"column":6},"end":{"line":143,"column":null}},"62":{"start":{"line":145,"column":6},"end":{"line":145,"column":null}},"63":{"start":{"line":149,"column":21},"end":{"line":155,"column":null}},"64":{"start":{"line":150,"column":4},"end":{"line":150,"column":null}},"65":{"start":{"line":151,"column":4},"end":{"line":151,"column":null}},"66":{"start":{"line":152,"column":4},"end":{"line":152,"column":null}},"67":{"start":{"line":153,"column":4},"end":{"line":153,"column":null}},"68":{"start":{"line":154,"column":4},"end":{"line":154,"column":null}},"69":{"start":{"line":157,"column":2},"end":{"line":163,"column":null}},"70":{"start":{"line":165,"column":2},"end":{"line":171,"column":null}},"71":{"start":{"line":189,"column":14},"end":{"line":189,"column":null}},"72":{"start":{"line":190,"column":14},"end":{"line":190,"column":null}},"73":{"start":{"line":279,"column":15},"end":{"line":279,"column":null}}},"fnMap":{"0":{"name":"(anonymous_5)","decl":{"start":{"line":26,"column":23},"end":{"line":26,"column":24}},"loc":{"start":{"line":28,"column":22},"end":{"line":277,"column":null}}},"1":{"name":"(anonymous_6)","decl":{"start":{"line":43,"column":4},"end":{"line":43,"column":10}},"loc":{"start":{"line":43,"column":10},"end":{"line":43,"column":null}}},"2":{"name":"(anonymous_7)","decl":{"start":{"line":48,"column":4},"end":{"line":48,"column":10}},"loc":{"start":{"line":48,"column":10},"end":{"line":50,"column":null}}},"3":{"name":"(anonymous_8)","decl":{"start":{"line":48,"column":10},"end":{"line":48,"column":11}},"loc":{"start":{"line":49,"column":6},"end":{"line":50,"column":null}}},"4":{"name":"(anonymous_9)","decl":{"start":{"line":56,"column":4},"end":{"line":56,"column":null}},"loc":{"start":{"line":60,"column":4},"end":{"line":68,"column":null}}},"5":{"name":"(anonymous_10)","decl":{"start":{"line":60,"column":4},"end":{"line":60,"column":5}},"loc":{"start":{"line":60,"column":5},"end":{"line":68,"column":null}}},"6":{"name":"(anonymous_11)","decl":{"start":{"line":63,"column":16},"end":{"line":63,"column":17}},"loc":{"start":{"line":63,"column":27},"end":{"line":66,"column":null}}},"7":{"name":"(anonymous_12)","decl":{"start":{"line":70,"column":27},"end":{"line":70,"column":null}},"loc":{"start":{"line":70,"column":27},"end":{"line":98,"column":null}}},"8":{"name":"(anonymous_13)","decl":{"start":{"line":81,"column":14},"end":{"line":81,"column":15}},"loc":{"start":{"line":81,"column":25},"end":{"line":84,"column":null}}},"9":{"name":"(anonymous_14)","decl":{"start":{"line":100,"column":22},"end":{"line":100,"column":null}},"loc":{"start":{"line":100,"column":22},"end":{"line":108,"column":null}}},"10":{"name":"(anonymous_15)","decl":{"start":{"line":110,"column":23},"end":{"line":110,"column":null}},"loc":{"start":{"line":110,"column":23},"end":{"line":147,"column":null}}},"11":{"name":"(anonymous_16)","decl":{"start":{"line":149,"column":21},"end":{"line":149,"column":null}},"loc":{"start":{"line":149,"column":21},"end":{"line":155,"column":null}}},"12":{"name":"(anonymous_17)","decl":{"start":{"line":188,"column":22},"end":{"line":188,"column":23}},"loc":{"start":{"line":188,"column":23},"end":{"line":191,"column":null}}}},"branchMap":{"0":{"loc":{"start":{"line":50,"column":8},"end":{"line":50,"column":null}},"type":"binary-expr","locations":[{"start":{"line":50,"column":8},"end":{"line":50,"column":25}},{"start":{"line":50,"column":25},"end":{"line":50,"column":null}}]},"1":{"loc":{"start":{"line":75,"column":6},"end":{"line":75,"column":null}},"type":"binary-expr","locations":[{"start":{"line":75,"column":6},"end":{"line":75,"column":33}},{"start":{"line":75,"column":33},"end":{"line":75,"column":null}}]},"2":{"loc":{"start":{"line":86,"column":4},"end":{"line":95,"column":null}},"type":"if","locations":[{"start":{"line":86,"column":4},"end":{"line":95,"column":null}}]},"3":{"loc":{"start":{"line":101,"column":4},"end":{"line":101,"column":null}},"type":"if","locations":[{"start":{"line":101,"column":4},"end":{"line":101,"column":null}}]},"4":{"loc":{"start":{"line":102,"column":4},"end":{"line":102,"column":null}},"type":"if","locations":[{"start":{"line":102,"column":4},"end":{"line":102,"column":null}}]},"5":{"loc":{"start":{"line":102,"column":8},"end":{"line":102,"column":62}},"type":"binary-expr","locations":[{"start":{"line":102,"column":8},"end":{"line":102,"column":23}},{"start":{"line":102,"column":27},"end":{"line":102,"column":42}},{"start":{"line":102,"column":46},"end":{"line":102,"column":62}}]},"6":{"loc":{"start":{"line":103,"column":4},"end":{"line":103,"column":null}},"type":"if","locations":[{"start":{"line":103,"column":4},"end":{"line":103,"column":null}}]},"7":{"loc":{"start":{"line":104,"column":4},"end":{"line":106,"column":null}},"type":"if","locations":[{"start":{"line":104,"column":4},"end":{"line":106,"column":null}}]},"8":{"loc":{"start":{"line":105,"column":13},"end":{"line":105,"column":null}},"type":"binary-expr","locations":[{"start":{"line":105,"column":13},"end":{"line":105,"column":25}},{"start":{"line":105,"column":25},"end":{"line":105,"column":null}}]},"9":{"loc":{"start":{"line":113,"column":4},"end":{"line":115,"column":null}},"type":"if","locations":[{"start":{"line":113,"column":4},"end":{"line":115,"column":null}}]},"10":{"loc":{"start":{"line":121,"column":14},"end":{"line":123,"column":null}},"type":"cond-expr","locations":[{"start":{"line":122,"column":10},"end":{"line":122,"column":null}},{"start":{"line":123,"column":10},"end":{"line":123,"column":null}}]},"11":{"loc":{"start":{"line":121,"column":32},"end":{"line":121,"column":null}},"type":"binary-expr","locations":[{"start":{"line":121,"column":32},"end":{"line":121,"column":59}},{"start":{"line":121,"column":59},"end":{"line":121,"column":null}}]},"12":{"loc":{"start":{"line":129,"column":9},"end":{"line":129,"column":37}},"type":"binary-expr","locations":[{"start":{"line":129,"column":9},"end":{"line":129,"column":36}},{"start":{"line":129,"column":36},"end":{"line":129,"column":37}}]},"13":{"loc":{"start":{"line":138,"column":24},"end":{"line":138,"column":72}},"type":"cond-expr","locations":[{"start":{"line":138,"column":49},"end":{"line":138,"column":62}},{"start":{"line":138,"column":65},"end":{"line":138,"column":72}}]},"14":{"loc":{"start":{"line":157,"column":2},"end":{"line":163,"column":null}},"type":"if","locations":[{"start":{"line":157,"column":2},"end":{"line":163,"column":null}}]},"15":{"loc":{"start":{"line":165,"column":2},"end":{"line":171,"column":null}},"type":"if","locations":[{"start":{"line":165,"column":2},"end":{"line":171,"column":null}}]},"16":{"loc":{"start":{"line":187,"column":19},"end":{"line":187,"column":null}},"type":"binary-expr","locations":[{"start":{"line":187,"column":19},"end":{"line":187,"column":46}},{"start":{"line":187,"column":46},"end":{"line":187,"column":null}}]},"17":{"loc":{"start":{"line":211,"column":13},"end":{"line":211,"column":null}},"type":"binary-expr","locations":[{"start":{"line":211,"column":13},"end":{"line":211,"column":null}},{"start":{"line":212,"column":14},"end":{"line":212,"column":null}}]},"18":{"loc":{"start":{"line":233,"column":25},"end":{"line":233,"column":null}},"type":"binary-expr","locations":[{"start":{"line":233,"column":25},"end":{"line":233,"column":52}},{"start":{"line":233,"column":52},"end":{"line":233,"column":null}}]},"19":{"loc":{"start":{"line":237,"column":16},"end":{"line":239,"column":null}},"type":"cond-expr","locations":[{"start":{"line":238,"column":20},"end":{"line":238,"column":null}},{"start":{"line":239,"column":20},"end":{"line":239,"column":null}}]},"20":{"loc":{"start":{"line":243,"column":13},"end":{"line":243,"column":null}},"type":"binary-expr","locations":[{"start":{"line":243,"column":13},"end":{"line":243,"column":null}}]},"21":{"loc":{"start":{"line":249,"column":13},"end":{"line":249,"column":27}},"type":"binary-expr","locations":[{"start":{"line":249,"column":13},"end":{"line":249,"column":27}}]},"22":{"loc":{"start":{"line":267,"column":26},"end":{"line":267,"column":null}},"type":"binary-expr","locations":[{"start":{"line":267,"column":26},"end":{"line":267,"column":44}},{"start":{"line":267,"column":44},"end":{"line":267,"column":null}}]},"23":{"loc":{"start":{"line":270,"column":15},"end":{"line":270,"column":null}},"type":"cond-expr","locations":[{"start":{"line":270,"column":25},"end":{"line":270,"column":null}},{"start":{"line":270,"column":49},"end":{"line":270,"column":null}}]}},"s":{"0":10,"1":1,"2":1,"3":1,"4":1,"5":1,"6":1,"7":1,"8":1,"9":1,"10":1,"11":27,"12":27,"13":27,"14":27,"15":27,"16":27,"17":27,"18":27,"19":27,"20":27,"21":10,"22":27,"23":10,"24":46,"25":27,"26":36,"27":8,"28":8,"29":8,"30":8,"31":8,"32":27,"33":11,"34":11,"35":11,"36":11,"37":11,"38":11,"39":3,"40":11,"41":27,"42":25,"43":9,"44":16,"45":2,"46":14,"47":1,"48":13,"49":9,"50":4,"51":27,"52":3,"53":3,"54":2,"55":1,"56":1,"57":1,"58":1,"59":1,"60":1,"61":0,"62":1,"63":27,"64":5,"65":5,"66":5,"67":5,"68":5,"69":27,"70":26,"71":5,"72":5,"73":1},"f":{"0":27,"1":10,"2":10,"3":46,"4":36,"5":8,"6":8,"7":11,"8":11,"9":25,"10":3,"11":5,"12":5},"b":{"0":[46,0],"1":[11,1],"2":[3],"3":[9],"4":[2],"5":[16,16,16],"6":[1],"7":[9],"8":[9,6],"9":[2],"10":[1,0],"11":[1,0],"12":[1,0],"13":[0,0],"14":[1],"15":[1],"16":[25,9],"17":[25,16],"18":[25,9],"19":[16,9],"20":[25],"21":[25],"22":[25,5],"23":[1,24]}}
,"E:\\arithmetic-calculator-frontend\\src\\app\\components\\organisms\\RecordsTable\\index.tsx": {"path":"E:\\arithmetic-calculator-frontend\\src\\app\\components\\organisms\\RecordsTable\\index.tsx","statementMap":{"0":{"start":{"line":153,"column":0},"end":{"line":153,"column":15}},"1":{"start":{"line":3,"column":54},"end":{"line":3,"column":null}},"2":{"start":{"line":13,"column":7},"end":{"line":13,"column":null}},"3":{"start":{"line":14,"column":30},"end":{"line":14,"column":null}},"4":{"start":{"line":15,"column":27},"end":{"line":15,"column":null}},"5":{"start":{"line":16,"column":31},"end":{"line":16,"column":null}},"6":{"start":{"line":17,"column":20},"end":{"line":17,"column":null}},"7":{"start":{"line":18,"column":33},"end":{"line":18,"column":null}},"8":{"start":{"line":20,"column":21},"end":{"line":151,"column":null}},"9":{"start":{"line":22,"column":4},"end":{"line":22,"column":null}},"10":{"start":{"line":24,"column":16},"end":{"line":24,"column":null}},"11":{"start":{"line":26,"column":42},"end":{"line":26,"column":null}},"12":{"start":{"line":27,"column":32},"end":{"line":27,"column":null}},"13":{"start":{"line":28,"column":36},"end":{"line":28,"column":null}},"14":{"start":{"line":29,"column":40},"end":{"line":29,"column":null}},"15":{"start":{"line":31,"column":52},"end":{"line":33,"column":null}},"16":{"start":{"line":36,"column":29},"end":{"line":39,"column":null}},"17":{"start":{"line":37,"column":4},"end":{"line":37,"column":null}},"18":{"start":{"line":37,"column":26},"end":{"line":37,"column":null}},"19":{"start":{"line":38,"column":4},"end":{"line":38,"column":null}},"20":{"start":{"line":41,"column":23},"end":{"line":55,"column":null}},"21":{"start":{"line":42,"column":4},"end":{"line":54,"column":null}},"22":{"start":{"line":43,"column":6},"end":{"line":43,"column":null}},"23":{"start":{"line":44,"column":6},"end":{"line":44,"column":null}},"24":{"start":{"line":46,"column":6},"end":{"line":53,"column":null}},"25":{"start":{"line":57,"column":27},"end":{"line":59,"column":null}},"26":{"start":{"line":58,"column":4},"end":{"line":58,"column":null}},"27":{"start":{"line":58,"column":28},"end":{"line":58,"column":null}},"28":{"start":{"line":61,"column":26},"end":{"line":84,"column":null}},"29":{"start":{"line":62,"column":26},"end":{"line":62,"column":null}},"30":{"start":{"line":64,"column":4},"end":{"line":72,"column":null}},"31":{"start":{"line":65,"column":6},"end":{"line":66,"column":null}},"32":{"start":{"line":66,"column":18},"end":{"line":66,"column":null}},"33":{"start":{"line":69,"column":6},"end":{"line":70,"column":null}},"34":{"start":{"line":70,"column":18},"end":{"line":70,"column":null}},"35":{"start":{"line":74,"column":4},"end":{"line":82,"column":null}},"36":{"start":{"line":75,"column":26},"end":{"li
[...]
":{"start":{"line":98,"column":6},"end":{"line":98,"column":null}},"38":{"start":{"line":102,"column":2},"end":{"line":107,"column":null}}},"fnMap":{"0":{"name":"(anonymous_5)","decl":{"start":{"line":12,"column":32},"end":{"line":12,"column":null}},"loc":{"start":{"line":12,"column":32},"end":{"line":108,"column":null}}},"1":{"name":"(anonymous_6)","decl":{"start":{"line":18,"column":23},"end":{"line":18,"column":null}},"loc":{"start":{"line":20,"column":4},"end":{"line":29,"column":null}}},"2":{"name":"(anonymous_7)","decl":{"start":{"line":31,"column":28},"end":{"line":31,"column":null}},"loc":{"start":{"line":31,"column":28},"end":{"line":33,"column":null}}},"3":{"name":"(anonymous_8)","decl":{"start":{"line":35,"column":21},"end":{"line":35,"column":22}},"loc":{"start":{"line":35,"column":36},"end":{"line":54,"column":null}}},"4":{"name":"(anonymous_9)","decl":{"start":{"line":38,"column":6},"end":{"line":38,"column":12}},"loc":{"start":{"line":38,"column":12},"end":{"line":38,"column":null}}},"5":{"name":"(anonymous_10)","decl":{"start":{"line":56,"column":23},"end":{"line":56,"column":30}},"loc":{"start":{"line":56,"column":30},"end":{"line":100,"column":null}}},"6":{"name":"(anonymous_11)","decl":{"start":{"line":61,"column":8},"end":{"line":61,"column":15}},"loc":{"start":{"line":61,"column":15},"end":{"line":67,"column":null}}},"7":{"name":"(anonymous_12)","decl":{"start":{"line":65,"column":41},"end":{"line":65,"column":42}},"loc":{"start":{"line":65,"column":53},"end":{"line":65,"column":null}}}},"branchMap":{"0":{"loc":{"start":{"line":47,"column":15},"end":{"line":47,"column":34}},"type":"binary-expr","locations":[{"start":{"line":47,"column":15},"end":{"line":47,"column":32}},{"start":{"line":47,"column":32},"end":{"line":47,"column":34}}]},"1":{"loc":{"start":{"line":48,"column":18},"end":{"line":48,"column":null}},"type":"binary-expr","locations":[{"start":{"line":48,"column":18},"end":{"line":48,"column":38}},{"start":{"line":48,"column":38},"end":{"line":48,"column":null}}]},"2":{"loc":{"start":{"line":49,"column":15},"end":{"line":49,"column":null}},"type":"binary-expr","locations":[{"start":{"line":49,"column":15},"end":{"line":49,"column":30}},{"start":{"line":49,"column":30},"end":{"line":49,"column":null}}]},"3":{"loc":{"start":{"line":50,"column":14},"end":{"line":50,"column":null}},"type":"binary-expr","locations":[{"start":{"line":50,"column":14},"end":{"line":50,"column":28}},{"start":{"line":50,"column":28},"end":{"line":50,"column":null}}]},"4":{"loc":{"start":{"line":51,"column":17},"end":{"line":51,"column":null}},"type":"binary-expr","locations":[{"start":{"line":51,"column":17},"end":{"line":51,"column":26}},{"start":{"line":51,"column":26},"end":{"line":51,"column":36}},{"start":{"line":51,"column":36},"end":{"line":51,"column":null}}]},"5":{"loc":{"start":{"line":62,"column":10},"end":{"line":62,"column":null}},"type":"if","locations":[{"start":{"line":62,"column":10},"end":{"line":62,"column":null}}]},"6":{"loc":{"start":{"line":89,"column":10},"end":{"line":89,"column":null}},"type":"cond-expr","locations":[{"start":{"line":89,"column":35},"end":{"line":89,"column":48}},{"start":{"line":89,"column":51},"end":{"line":89,"column":null}}]}},"s":{"0":11,"1":3,"2":3,"3":3,"4":3,"5":3,"6":3,"7":3,"8":10,"9":10,"10":10,"11":10,"12":10,"13":0,"14":0,"15":0,"16":10,"17":2,"18":10,"19":3,"20":0,"21":3,"22":10,"23":2,"24":2,"25":2,"26":0,"27":0,"28":0,"29":0,"30":2,"31":1,"32":1,"33":1,"34":1,"35":1,"36":1,"37":2,"38":10},"f":{"0":10,"1":0,"2":2,"3":3,"4":0,"5":2,"6":0,"7":0},"b":{"0":[3,2],"1":[3,2],"2":[3,2],"3":[3,3],"4":[3,2,1],"5":[0],"6":[1,0]}}
,"E:\\arithmetic-calculator-frontend\\src\\app\\providers\\AppProvider.tsx": {"path":"E:\\arithmetic-calculator-frontend\\src\\app\\providers\\AppProvider.tsx","statementMap":{"0":{"start":{"line":7,"column":16},"end":{"line":7,"column":28}},"1":{"start":{"line":1,"column":44},"end":{"line":1,"column":null}},"2":{"start":{"line":2,"column":33},"end":{"line":2,"column":null}},"3":{"start":{"line":3,"column":25},"end":{"line":3,"column":null}},"4":{"start":{"line":4,"column":19},"end":{"line":4,"column":null}},"5":{"start":{"line":5,"column":28},"end":{"line":5,"column":null}}},"fnMap":{"0":{"name":"AppProvider","decl":{"start":{"line":7,"column":16},"end":{"line":7,"column":28}},"loc":{"start":{"line":11,"column":1},"end":{"line":21,"column":null}}}},"branchMap":{},"s":{"0":1,"1":1,"2":1,"3":1,"4":1,"5":1},"f":{"0":1},"b":{}}
,"E:\\arithmetic-calculator-frontend\\src\\app\\services\\validation-service.ts": {"path":"E:\\arithmetic-calculator-frontend\\src\\app\\services\\validation-service.ts","statementMap":{"0":{"start":{"line":1,"column":13},"end":{"line":1,"column":null}},"1":{"start":{"line":5,"column":4},"end":{"line":5,"column":null}},"2":{"start":{"line":8,"column":17},"end":{"line":15,"column":null}},"3":{"start":{"line":14,"column":6},"end":{"line":14,"column":48}},"4":{"start":{"line":18,"column":4},"end":{"line":20,"column":null}},"5":{"start":{"line":29,"column":32},"end":{"line":36,"column":null}},"6":{"start":{"line":38,"column":4},"end":{"line":40,"column":null}},"7":{"start":{"line":39,"column":6},"end":{"line":39,"column":null}},"8":{"start":{"line":42,"column":4},"end":{"line":44,"column":null}},"9":{"start":{"line":43,"column":6},"end":{"line":43,"column":null}},"10":{"start":{"line":46,"column":26},"end":{"line":46,"column":null}},"11":{"start":{"line":48,"column":4},"end":{"line":64,"column":null}},"12":{"start":{"line":50,"column":8},"end":{"line":52,"column":null}},"13":{"start":{"line":51,"column":10},"end":{"line":51,"column":null}},"14":{"start":{"line":54,"column":8},"end":{"line":54,"column":null}},"15":{"start":{"line":57,"column":8},"end":{"line":59,"column":null}},"16":{"start":{"line":58,"column":10},"end":{"line":58,"column":null}},"17":{"start":{"line":60,"column":8},"end":{"line":60,"column":null}},"18":{"start":{"line":63,"column":8},"end":{"line":63,"column":null}},"19":{"start":{"line":66,"column":4},"end":{"line":66,"column":null}}},"fnMap":{"0":{"name":"(anonymous_1)","decl":{"start":{"line":4,"column":2},"end":{"line":4,"column":14}},"loc":{"start":{"line":4,"column":31},"end":{"line":6,"column":null}}},"1":{"name":"(anonymous_2)","decl":{"start":{"line":13,"column":22},"end":{"line":13,"column":23}},"loc":{"start":{"line":14,"column":6},"end":{"line":14,"column":48}}},"2":{"name":"(anonymous_3)","decl":{"start":{"line":17,"column":2},"end":{"line":17,"column":16}},"loc":{"start":{"line":17,"column":51},"end":{"line":21,"column":null}}},"3":{"name":"(anonymous_4)","decl":{"start":{"line":23,"column":2},"end":{"line":23,"column":null}},"loc":{"start":{"line":28,"column":24},"end":{"line":67,"column":null}}}},"branchMap":{"0":{"loc":{"start":{"line":18,"column":11},"end":{"line":20,"column":47}},"type":"cond-expr","locations":[{"start":{"line":19,"column":8},"end":{"line":19,"column":null}},{"start":{"line":20,"column":8},"end":{"line":20,"column":47}}]},"1":{"loc":{"start":{"line":38,"column":4},"end":{"line":40,"column":null}},"type":"if","locations":[{"start":{"line":38,"column":4},"end":{"line":40,"column":null}}]},"2":{"loc":{"start":{"line":42,"column":4},"end":{"line":44,"column":null}},"type":"if","locations":[{"start":{"line":42,"column":4},"end":{"line":44,"column":null}}]},"3":{"loc":{"start":{"line":42,"column":8},"end":{"line":42,"column":69}},"type":"binary-expr","locations":[{"start":{"line":42,"column":8},"end":{"line":42,"column":39}},{"start":{"line":42,"column":39},"end":{"line":42,"column":69}}]},"4":{"loc":{"start":{"line":48,"column":4},"end":{"line":64,"column":null}},"type":"switch","locations":[{"start":{"line":49,"column":6},"end":{"line":54,"column":null}},{"start":{"line":56,"column":6},"end":{"line":60,"column":null}},{"start":{"line":62,"column":6},"end":{"line":63,"column":null}}]},"5":{"loc":{"start":{"line":50,"column":8},"end":{"line":52,"column":null}},"type":"if","locations":[{"start":{"line":50,"column":8},"end":{"line":52,"column":null}}]},"6":{"loc":{"start":{"line":57,"column":8},"end":{"line":59,"column":null}},"type":"if","locations":[{"start":{"line":57,"column":8},"end":{"line":59,"column":null}}]}},"s":{"0":16,"1":16,"2":2,"3":2,"4":12,"5":21,"6":21,"7":2,"8":19,"9":2,"10":17,"11":17,"12":8,"13":3,"14":5,"15":5,"16":2,"17":3,"18":4,"19":12},"f":{"0":16,"1":2,"2":12,"3":21},"b":{"0":[10,2],"1":[2],"2":[2],"3":[19,15],"4":[8,5,4],"5":[3],"6":[2]}}
,"E:\\arithmetic-calculator-frontend\\src\\app\\store\\store.ts": {"path":"E:\\arithmetic-calculator-frontend\\src\\app\\store\\store.ts","statementMap":{"0":{"start":{"line":43,"column":0},"end":{"line":43,"column":15}},"1":{"start":{"line":42,"column":20},"end":{"line":42,"column":28}},"2":{"start":{"line":42,"column":9},"end":{"line":42,"column":18}},"3":{"start":{"line":2,"column":31},"end":{"line":2,"column":null}},"4":{"start":{"line":3,"column":24},"end":{"line":3,"column":null}},"5":{"start":{"line":4,"column":30},"end":{"line":4,"column":null}},"6":{"start":{"line":5,"column":27},"end":{"line":5,"column":null}},"7":{"start":{"line":6,"column":60},"end":{"line":6,"column":null}},"8":{"start":{"line":7,"column":27},"end":{"line":7,"column":null}},"9":{"start":{"line":10,"column":48},"end":{"line":13,"column":null}},"10":{"start":{"line":15,"column":29},"end":{"line":15,"column":null}},"11":{"start":{"line":17,"column":17},"end":{"line":17,"column":null}},"12":{"start":{"line":19,"column":14},"end":{"line":35,"column":null}},"13":{"start":{"line":26,"column":4},"end":{"line":34,"column":null}},"14":{"start":{"line":37,"column":18},"end":{"line":37,"column":null}},"15":{"start":{"line":43,"column":15},"end":{"line":43,"column":21}}},"fnMap":{"0":{"name":"(anonymous_5)","decl":{"start":{"line":25,"column":14},"end":{"line":25,"column":15}},"loc":{"start":{"line":26,"column":4},"end":{"line":34,"column":null}}}},"branchMap":{"0":{"loc":{"start":{"line":17,"column":17},"end":{"line":17,"column":null}},"type":"binary-expr","locations":[{"start":{"line":17,"column":17},"end":{"line":17,"column":50}},{"start":{"line":17,"column":50},"end":{"line":17,"column":null}}]},"1":{"loc":{"start":{"line":37,"column":18},"end":{"line":37,"column":null}},"type":"cond-expr","locations":[{"start":{"line":37,"column":29},"end":{"line":37,"column":51}},{"start":{"line":37,"column":51},"end":{"line":37,"column":null}}]}},"s":{"0":6,"1":1,"2":3,"3":2,"4":2,"5":2,"6":2,"7":2,"8":2,"9":2,"10":2,"11":2,"12":2,"13":2,"14":2,"15":2},"f":{"0":2},"b":{"0":[2,0],"1":[2,0]}}
,"E:\\arithmetic-calculator-frontend\\src\\app\\store\\slices\\auth-slice.ts": {"path":"E:\\arithmetic-calculator-frontend\\src\\app\\store\\slices\\auth-slice.ts","statementMap":{"0":{"start":{"line":41,"column":0},"end":{"line":41,"column":15}},"1":{"start":{"line":40,"column":15},"end":{"line":40,"column":20}},"2":{"start":{"line":40,"column":22},"end":{"line":40,"column":28}},"3":{"start":{"line":40,"column":30},"end":{"line":40,"column":43}},"4":{"start":{"line":1,"column":24},"end":{"line":1,"column":null}},"5":{"start":{"line":4,"column":43},"end":{"line":4,"column":null}},"6":{"start":{"line":6,"column":32},"end":{"line":11,"column":null}},"7":{"start":{"line":13,"column":18},"end":{"line":38,"column":null}},"8":{"start":{"line":21,"column":6},"end":{"line":21,"column":null}},"9":{"start":{"line":22,"column":6},"end":{"line":22,"column":null}},"10":{"start":{"line":23,"column":6},"end":{"line":23,"column":null}},"11":{"start":{"line":24,"column":6},"end":{"line":24,"column":null}},"12":{"start":{"line":25,"column":6},"end":{"line":25,"column":null}},"13":{"start":{"line":28,"column":6},"end":{"line":28,"column":null}},"14":{"start":{"line":29,"column":6},"end":{"line":29,"column":null}},"15":{"start":{"line":30,"column":6},"end":{"line":30,"column":null}},"16":{"start":{"line":31,"column":6},"end":{"line":31,"column":null}},"17":{"start":{"line":32,"column":6},"end":{"line":32,"column":null}},"18":{"start":{"line":35,"column":6},"end":{"line":35,"column":null}},"19":{"start":{"line":40,"column":48},"end":{"line":40,"column":65}},"20":{"start":{"line":41,"column":15},"end":{"line":41,"column":32}}},"fnMap":{"0":{"name":"(anonymous_5)","decl":{"start":{"line":17,"column":11},"end":{"line":17,"column":null}},"loc":{"start":{"line":19,"column":6},"end":{"line":26,"column":null}}},"1":{"name":"(anonymous_6)","decl":{"start":{"line":27,"column":12},"end":{"line":27,"column":13}},"loc":{"start":{"line":27,"column":13},"end":{"line":33,"column":null}}},"2":{"name":"(anonymous_7)","decl":{"start":{"line":34,"column":19},"end":{"line":34,"column":20}},"loc":{"start":{"line":34,"column":27},"end":{"line":36,"column":null}}}},"branchMap":{"0":{"loc":{"start":{"line":10,"column":15},"end":{"line":10,"column":null}},"type":"binary-expr","locations":[{"start":{"line":10,"column":15},"end":{"line":10,"column":61}},{"start":{"line":10,"column":61},"end":{"line":10,"column":null}}]}},"s":{"0":16,"1":1,"2":1,"3":1,"4":6,"5":6,"6":6,"7":6,"8":1,"9":1,"10":1,"11":1,"12":1,"13":1,"14":1,"15":1,"16":1,"17":1,"18":1,"19":6,"20":6},"f":{"0":1,"1":1,"2":1},"b":{"0":[6,6]}}
,"E:\\arithmetic-calculator-frontend\\src\\app\\store\\slices\\operations-slice.ts": {"path":"E:\\arithmetic-calculator-frontend\\src\\app\\store\\slices\\operations-slice.ts","statementMap":{"0":{"start":{"line":20,"column":0},"end":{"line":20,"column":15}},"1":{"start":{"line":19,"column":15},"end":{"line":19,"column":28}},"2":{"start":{"line":3,"column":43},"end":{"line":3,"column":null}},"3":{"start":{"line":5,"column":38},"end":{"line":7,"column":null}},"4":{"start":{"line":9,"column":24},"end":{"line":17,"column":null}},"5":{"start":{"line":14,"column":6},"end":{"line":14,"column":null}},"6":{"start":{"line":19,"column":33},"end":{"line":19,"column":56}},"7":{"start":{"line":20,"column":15},"end":{"line":20,"column":38}}},"fnMap":{"0":{"name":"(anonymous_3)","decl":{"start":{"line":13,"column":4},"end":{"line":13,"column":18}},"loc":{"start":{"line":13,"column":59},"end":{"line":15,"column":null}}}},"branchMap":{},"s":{"0":4,"1":1,"2":4,"3":4,"4":4,"5":1,"6":4,"7":4},"f":{"0":1},"b":{}}
,"E:\\arithmetic-calculator-frontend\\src\\app\\store\\slices\\record-slice.ts": {"path":"E:\\arithmetic-calculator-frontend\\src\\app\\store\\slices\\record-slice.ts","statementMap":{"0":{"start":{"line":32,"column":0},"end":{"line":32,"column":15}},"1":{"start":{"line":31,"column":27},"end":{"line":31,"column":39}},"2":{"start":{"line":31,"column":15},"end":{"line":31,"column":25}},"3":{"start":{"line":3,"column":43},"end":{"line":3,"column":null}},"4":{"start":{"line":5,"column":35},"end":{"line":10,"column":null}},"5":{"start":{"line":12,"column":21},"end":{"line":29,"column":null}},"6":{"start":{"line":17,"column":6},"end":{"line":17,"column":null}},"7":{"start":{"line":18,"column":6},"end":{"line":18,"column":null}},"8":{"start":{"line":19,"column":6},"end":{"line":19,"column":null}},"9":{"start":{"line":20,"column":6},"end":{"line":20,"column":null}},"10":{"start":{"line":24,"column":6},"end":{"line":25,"column":null}},"11":{"start":{"line":25,"column":28},"end":{"line":25,"column":56}},"12":{"start":{"line":31,"column":44},"end":{"line":31,"column":64}},"13":{"start":{"line":32,"column":15},"end":{"line":32,"column":35}}},"fnMap":{"0":{"name":"(anonymous_4)","decl":{"start":{"line":16,"column":4},"end":{"line":16,"column":15}},"loc":{"start":{"line":16,"column":57},"end":{"line":21,"column":null}}},"1":{"name":"(anonymous_5)","decl":{"start":{"line":23,"column":18},"end":{"line":23,"column":19}},"loc":{"start":{"line":23,"column":26},"end":{"line":27,"column":null}}},"2":{"name":"(anonymous_6)","decl":{"start":{"line":25,"column":8},"end":{"line":25,"column":9}},"loc":{"start":{"line":25,"column":28},"end":{"line":25,"column":56}}}},"branchMap":{},"s":{"0":5,"1":1,"2":1,"3":5,"4":5,"5":5,"6":1,"7":1,"8":1,"9":1,"10":1,"11":2,"12":5,"13":5},"f":{"0":1,"1":1,"2":2},"b":{}}
,"E:\\arithmetic-calculator-frontend\\src\\app\\utils\\storage.ts": {"path":"E:\\arithmetic-calculator-frontend\\src\\app\\utils\\storage.ts","statementMap":{"0":{"start":{"line":1,"column":13},"end":{"line":1,"column":22}},"1":{"start":{"line":3,"column":13},"end":{"line":3,"column":20}},"2":{"start":{"line":1,"column":25},"end":{"line":1,"column":null}},"3":{"start":{"line":3,"column":23},"end":{"line":58,"column":null}},"4":{"start":{"line":17,"column":4},"end":{"line":26,"column":null}},"5":{"start":{"line":18,"column":19},"end":{"line":18,"column":null}},"6":{"start":{"line":19,"column":6},"end":{"line":25,"column":null}},"7":{"start":{"line":20,"column":8},"end":{"line":24,"column":null}},"8":{"start":{"line":21,"column":10},"end":{"line":21,"column":null}},"9":{"start":{"line":23,"column":10},"end":{"line":23,"column":null}},"10":{"start":{"line":27,"column":4},"end":{"line":27,"column":null}},"11":{"start":{"line":37,"column":4},"end":{"line":39,"column":null}},"12":{"start":{"line":38,"column":6},"end":{"line":38,"column":null}},"13":{"start":{"line":48,"column":4},"end":{"line":50,"column":null}},"14":{"start":{"line":49,"column":6},"end":{"line":49,"column":null}},"15":{"start":{"line":54,"column":4},"end":{"line":56,"column":null}},"16":{"start":{"line":55,"column":6},"end":{"line":55,"column":null}}},"fnMap":{"0":{"name":"(anonymous_3)","decl":{"start":{"line":13,"column":11},"end":{"line":13,"column":null}},"loc":{"start":{"line":15,"column":33},"end":{"line":28,"column":null}}},"1":{"name":"(anonymous_4)","decl":{"start":{"line":36,"column":11},"end":{"line":36,"column":12}},"loc":{"start":{"line":36,"column":25},"end":{"line":40,"column":null}}},"2":{"name":"(anonymous_5)","decl":{"start":{"line":47,"column":14},"end":{"line":47,"column":15}},"loc":{"start":{"line":47,"column":15},"end":{"line":51,"column":null}}},"3":{"name":"(anonymous_6)","decl":{"start":{"line":53,"column":9},"end":{"line":53,"column":null}},"loc":{"start":{"line":53,"column":9},"end":{"line":57,"column":null}}}},"branchMap":{"0":{"loc":{"start":{"line":15,"column":4},"end":{"line":15,"column":33}},"type":"default-arg","locations":[{"start":{"line":15,"column":29},"end":{"line":15,"column":33}}]},"1":{"loc":{"start":{"line":17,"column":4},"end":{"line":26,"column":null}},"type":"if","locations":[{"start":{"line":17,"column":4},"end":{"line":26,"column":null}}]},"2":{"loc":{"start":{"line":19,"column":6},"end":{"line":25,"column":null}},"type":"if","locations":[{"start":{"line":19,"column":6},"end":{"line":25,"column":null}}]},"3":{"loc":{"start":{"line":37,"column":4},"end":{"line":39,"column":null}},"type":"if","locations":[{"start":{"line":37,"column":4},"end":{"line":39,"column":null}}]},"4":{"loc":{"start":{"line":48,"column":4},"end":{"line":50,"column":null}},"type":"if","locations":[{"start":{"line":48,"column":4},"end":{"line":50,"column":null}}]},"5":{"loc":{"start":{"line":54,"column":4},"end":{"line":56,"column":null}},"type":"if","locations":[{"start":{"line":54,"column":4},"end":{"line":56,"column":null}}]}},"s":{"0":0,"1":24,"2":7,"3":7,"4":12,"5":12,"6":12,"7":1,"8":1,"9":0,"10":11,"11":5,"12":5,"13":2,"14":2,"15":5,"16":5},"f":{"0":12,"1":5,"2":2,"3":5},"b":{"0":[6],"1":[12],"2":[1],"3":[5],"4":[2],"5":[5]}}
,"E:\\arithmetic-calculator-frontend\\src\\app\\utils\\twclsx.ts": {"path":"E:\\arithmetic-calculator-frontend\\src\\app\\utils\\twclsx.ts","statementMap":{"0":{"start":{"line":10,"column":13},"end":{"line":10,"column":22}},"1":{"start":{"line":2,"column":17},"end":{"line":2,"column":null}},"2":{"start":{"line":3,"column":24},"end":{"line":3,"column":null}},"3":{"start":{"line":10,"column":22},"end":{"line":12,"column":null}},"4":{"start":{"line":11,"column":2},"end":{"line":11,"column":null}}},"fnMap":{"0":{"name":"(anonymous_2)","decl":{"start":{"line":10,"column":22},"end":{"line":10,"column":23}},"loc":{"start":{"line":10,"column":26},"end":{"line":12,"column":null}}}},"branchMap":{},"s":{"0":591,"1":30,"2":30,"3":30,"4":591},"f":{"0":591},"b":{}}
}
