TN:
SF:src\app\layout.tsx
FN:18,RootLayout
FNF:1
FNH:0
FNDA:0,RootLayout
DA:3,0
DA:4,0
DA:5,0
DA:7,0
DA:12,0
DA:18,0
DA:25,0
LF:7
LH:0
BRDA:20,0,0,0
BRDA:25,1,0,0
BRF:2
BRH:0
end_of_record
TN:
SF:src\app\page.tsx
FN:11,Home
FN:12,(anonymous_3)
FNF:2
FNH:0
FNDA:0,Home
FNDA:0,(anonymous_3)
DA:3,0
DA:4,0
DA:5,0
DA:6,0
DA:7,0
DA:9,0
DA:11,0
DA:12,0
LF:8
LH:0
BRF:0
BRH:0
end_of_record
TN:
SF:src\app\(pages)\login\page.tsx
FN:6,(anonymous_2)
FNF:1
FNH:0
FNDA:0,(anonymous_2)
DA:3,0
DA:4,0
DA:6,0
DA:22,0
LF:4
LH:0
BRF:0
BRH:0
end_of_record
TN:
SF:src\app\api\AxiosApiClient.ts
FN:13,(anonymous_2)
FN:15,(anonymous_3)
FN:22,(anonymous_4)
FN:26,(anonymous_5)
FN:27,(anonymous_6)
FN:33,(anonymous_7)
FN:36,(anonymous_8)
FN:44,(anonymous_9)
FN:52,(anonymous_10)
FN:60,(anonymous_11)
FN:64,(anonymous_12)
FNF:11
FNH:0
FNDA:0,(anonymous_2)
FNDA:0,(anonymous_3)
FNDA:0,(anonymous_4)
FNDA:0,(anonymous_5)
FNDA:0,(anonymous_6)
FNDA:0,(anonymous_7)
FNDA:0,(anonymous_8)
FNDA:0,(anonymous_9)
FNDA:0,(anonymous_10)
FNDA:0,(anonymous_11)
FNDA:0,(anonymous_12)
DA:1,3
DA:6,0
DA:14,0
DA:16,0
DA:17,0
DA:18,0
DA:20,0
DA:22,0
DA:25,0
DA:26,0
DA:28,0
DA:34,0
DA:41,0
DA:49,0
DA:57,0
DA:61,0
DA:65,0
DA:75,3
LF:18
LH:2
BRDA:17,0,0,0
BRF:1
BRH:0
end_of_record
TN:
SF:src\app\components\atoms\Button\index.tsx
FN:21,(anonymous_2)
FN:34,(anonymous_3)
FN:43,(anonymous_4)
FNF:3
FNH:0
FNDA:0,(anonymous_2)
FNDA:0,(anonymous_3)
FNDA:0,(anonymous_4)
DA:4,0
DA:5,0
DA:6,0
DA:7,0
DA:20,0
DA:33,0
DA:34,0
DA:42,0
DA:43,0
DA:69,0
DA:71,0
LF:11
LH:0
BRDA:23,0,0,0
BRDA:24,1,0,0
BRDA:26,2,0,0
BRDA:27,3,0,0
BRDA:59,4,0,0
BRDA:59,4,1,0
BRDA:63,5,0,0
BRDA:63,5,1,0
BRF:8
BRH:0
end_of_record
TN:
SF:src\app\components\atoms\CenteredRow\index.tsx
FNF:0
FNH:0
DA:1,0
DA:20,0
LF:2
LH:0
BRF:0
BRH:0
end_of_record
TN:
SF:src\app\components\atoms\Dropdown\index.tsx
FN:16,(anonymous_2)
FN:28,(anonymous_3)
FN:37,(anonymous_4)
FNF:3
FNH:0
FNDA:0,(anonymous_2)
FNDA:0,(anonymous_3)
FNDA:0,(anonymous_4)
DA:1,0
DA:2,0
DA:16,0
DA:28,0
DA:38,0
DA:51,0
LF:6
LH:0
BRF:0
BRH:0
end_of_record
TN:
SF:src\app\components\atoms\ErrorMessage\index.tsx
FN:9,(anonymous_2)
FNF:1
FNH:1
FNDA:1,(anonymous_2)
DA:1,1
DA:2,1
DA:9,1
DA:21,1
DA:23,1
LF:5
LH:5
BRF:0
BRH:0
end_of_record
TN:
SF:src\app\components\atoms\Form\index.tsx
FN:10,(anonymous_2)
FN:16,(anonymous_3)
FNF:2
FNH:0
FNDA:0,(anonymous_2)
FNDA:0,(anonymous_3)
DA:1,0
DA:2,0
DA:10,0
DA:16,0
DA:17,0
DA:18,0
DA:34,0
DA:36,0
LF:8
LH:0
BRDA:18,0,0,0
BRF:1
BRH:0
end_of_record
TN:
SF:src\app\components\atoms\FormControl\index.tsx
FN:9,(anonymous_2)
FNF:1
FNH:0
FNDA:0,(anonymous_2)
DA:1,0
DA:2,0
DA:9,0
DA:21,0
DA:23,0
LF:5
LH:0
BRF:0
BRH:0
end_of_record
TN:
SF:src\app\components\atoms\FormHeader\index.tsx
FN:9,(anonymous_2)
FNF:1
FNH:0
FNDA:0,(anonymous_2)
DA:1,0
DA:2,0
DA:9,0
DA:20,0
DA:22,0
LF:5
LH:0
BRF:0
BRH:0
end_of_record
TN:
SF:src\app\components\atoms\Input\index.tsx
FN:15,(anonymous_4)
FNF:1
FNH:1
FNDA:36,(anonymous_4)
DA:4,1
DA:5,1
DA:6,1
DA:14,1
DA:19,36
DA:48,1
DA:50,36
LF:7
LH:7
BRDA:16,0,0,36
BRF:1
BRH:1
end_of_record
TN:
SF:src\app\components\atoms\Label\index.tsx
FN:10,(anonymous_2)
FNF:1
FNH:0
FNDA:0,(anonymous_2)
DA:1,0
DA:2,0
DA:3,0
DA:10,0
DA:30,0
DA:32,0
LF:6
LH:0
BRF:0
BRH:0
end_of_record
TN:
SF:src\app\components\atoms\Logo\index.tsx
FNF:0
FNH:0
DA:1,0
DA:2,0
DA:3,0
DA:4,0
DA:31,0
DA:33,0
LF:6
LH:0
BRDA:14,0,0,0
BRDA:15,1,0,0
BRF:2
BRH:0
end_of_record
TN:
SF:src\app\components\atoms\SpinnerIcon\index.tsx
FN:4,(anonymous_2)
FNF:1
FNH:0
FNDA:0,(anonymous_2)
DA:1,0
DA:2,0
DA:3,0
DA:4,0
DA:28,0
LF:5
LH:0
BRDA:7,0,0,0
BRDA:17,1,0,0
BRDA:17,1,1,0
BRDA:18,2,0,0
BRDA:18,2,1,0
BRF:5
BRH:0
end_of_record
TN:
SF:src\app\components\atoms\Text\index.tsx
FN:11,(anonymous_1)
FNF:1
FNH:1
FNDA:191,(anonymous_1)
DA:4,1
DA:5,1
DA:11,1
DA:17,191
DA:33,1
DA:35,191
LF:6
LH:6
BRDA:12,0,0,191
BRF:1
BRH:1
end_of_record
TN:
SF:src\app\components\config\menu-items.ts
FNF:0
FNH:0
DA:1,0
DA:3,0
LF:2
LH:0
BRF:0
BRH:0
end_of_record
TN:
SF:src\app\components\guards\auth-guard.tsx
FN:9,(anonymous_1)
FN:10,(anonymous_2)
FN:14,(anonymous_3)
FNF:3
FNH:0
FNDA:0,(anonymous_1)
FNDA:0,(anonymous_2)
FNDA:0,(anonymous_3)
DA:3,0
DA:4,0
DA:5,0
DA:9,0
DA:10,0
DA:11,0
DA:12,0
DA:14,0
DA:15,0
DA:16,0
DA:18,0
DA:22,0
DA:23,0
DA:29,0
LF:14
LH:0
BRDA:15,0,0,0
BRDA:15,0,1,0
BRDA:22,1,0,0
BRF:3
BRH:0
end_of_record
TN:
SF:src\app\components\molecules\AuthLink\index.tsx
FN:10,(anonymous_2)
FNF:1
FNH:0
FNDA:0,(anonymous_2)
DA:1,0
DA:2,0
DA:10,0
DA:53,0
LF:4
LH:0
BRF:0
BRH:0
end_of_record
TN:
SF:src\app\components\molecules\ConfirmationModal\index.tsx
FN:13,(anonymous_2)
FNF:1
FNH:0
FNDA:0,(anonymous_2)
DA:1,0
DA:2,0
DA:3,0
DA:4,0
DA:13,0
DA:19,0
DA:56,0
LF:7
LH:0
BRDA:19,0,0,0
BRF:1
BRH:0
end_of_record
TN:
SF:src\app\components\molecules\FilterInput\index.tsx
FN:10,(anonymous_2)
FN:20,(anonymous_3)
FNF:2
FNH:0
FNDA:0,(anonymous_2)
FNDA:0,(anonymous_3)
DA:1,0
DA:2,0
DA:10,0
DA:20,0
DA:26,0
LF:5
LH:0
BRF:0
BRH:0
end_of_record
TN:
SF:src\app\components\molecules\Filters\index.tsx
FN:15,(anonymous_2)
FN:26,(anonymous_3)
FN:46,(anonymous_4)
FN:54,(anonymous_5)
FN:57,(anonymous_6)
FN:71,(anonymous_7)
FNF:6
FNH:0
FNDA:0,(anonymous_2)
FNDA:0,(anonymous_3)
FNDA:0,(anonymous_4)
FNDA:0,(anonymous_5)
FNDA:0,(anonymous_6)
FNDA:0,(anonymous_7)
DA:1,0
DA:2,0
DA:3,0
DA:5,0
DA:15,0
DA:16,0
DA:26,0
DA:46,0
DA:55,0
DA:57,0
DA:71,0
DA:77,0
LF:12
LH:0
BRDA:26,0,0,0
BRDA:26,0,1,0
BRF:2
BRH:0
end_of_record
TN:
SF:src\app\components\molecules\FormInputField\index.tsx
FN:10,(anonymous_2)
FN:18,(anonymous_3)
FNF:2
FNH:0
FNDA:0,(anonymous_2)
FNDA:0,(anonymous_3)
DA:1,0
DA:2,0
DA:10,0
DA:14,0
DA:19,0
DA:20,0
DA:37,0
LF:7
LH:0
BRDA:19,0,0,0
BRDA:33,1,0,0
BRDA:33,1,1,0
BRF:3
BRH:0
end_of_record
TN:
SF:src\app\components\molecules\FormLayout\index.tsx
FN:11,(anonymous_2)
FNF:1
FNH:0
FNDA:0,(anonymous_2)
DA:1,0
DA:2,0
DA:3,0
DA:11,0
DA:48,0
LF:5
LH:0
BRF:0
BRH:0
end_of_record
TN:
SF:src\app\components\molecules\HeaderContent\index.tsx
FNF:0
FNH:0
DA:1,0
DA:2,0
DA:16,0
LF:3
LH:0
BRF:0
BRH:0
end_of_record
TN:
SF:src\app\components\molecules\InputField\index.tsx
FN:32,(anonymous_5)
FN:45,(anonymous_6)
FN:78,(anonymous_7)
FNF:3
FNH:2
FNDA:36,(anonymous_5)
FNDA:0,(anonymous_6)
FNDA:8,(anonymous_7)
DA:3,1
DA:4,1
DA:11,1
DA:12,1
DA:13,1
DA:26,1
DA:32,1
DA:43,36
DA:45,36
DA:48,36
DA:50,36
DA:53,36
DA:78,8
DA:122,36
LF:14
LH:14
BRDA:37,0,0,36
BRDA:48,1,0,0
BRDA:48,1,1,36
BRDA:48,2,0,36
BRDA:48,2,1,0
BRDA:53,3,0,36
BRDA:53,3,1,0
BRDA:53,4,0,0
BRDA:53,4,1,0
BRDA:57,5,0,36
BRDA:82,6,0,1
BRDA:82,6,1,35
BRDA:84,7,0,0
BRDA:84,7,1,36
BRDA:96,8,0,36
BRDA:110,9,0,0
BRDA:117,10,0,36
BRF:17
BRH:10
end_of_record
TN:
SF:src\app\components\molecules\LoginForm\index.tsx
FN:11,(anonymous_2)
FN:28,(anonymous_3)
FN:39,(anonymous_4)
FNF:3
FNH:0
FNDA:0,(anonymous_2)
FNDA:0,(anonymous_3)
FNDA:0,(anonymous_4)
DA:3,0
DA:4,0
DA:5,0
DA:6,0
DA:7,0
DA:9,0
DA:11,0
DA:19,0
DA:29,0
DA:40,0
DA:73,0
LF:11
LH:0
BRDA:17,0,0,0
BRDA:19,1,0,0
BRDA:19,1,1,0
BRDA:61,2,0,0
BRF:4
BRH:0
end_of_record
TN:
SF:src\app\components\molecules\OperationSelect\index.tsx
FN:17,(anonymous_1)
FN:24,(anonymous_2)
FN:44,(anonymous_3)
FN:47,(anonymous_4)
FNF:4
FNH:4
FNDA:25,(anonymous_1)
FNDA:96,(anonymous_2)
FNDA:125,(anonymous_3)
FNDA:5,(anonymous_4)
DA:1,1
DA:2,1
DA:17,1
DA:24,96
DA:45,125
DA:47,5
DA:60,25
LF:7
LH:7
BRDA:24,0,0,25
BRDA:24,0,1,9
BRF:2
BRH:2
end_of_record
TN:
SF:src\app\components\molecules\PaginationControls\index.tsx
FN:13,(anonymous_2)
FNF:1
FNH:0
FNDA:0,(anonymous_2)
DA:1,0
DA:2,0
DA:3,0
DA:4,0
DA:13,0
DA:19,0
DA:20,0
DA:21,0
DA:48,0
LF:9
LH:0
BRDA:27,0,0,0
BRDA:27,0,1,0
BRDA:28,1,0,0
BRDA:28,1,1,0
BRDA:29,2,0,0
BRDA:29,2,1,0
BRDA:29,3,0,0
BRDA:29,3,1,0
BRDA:38,4,0,0
BRDA:38,4,1,0
BRDA:39,5,0,0
BRDA:39,5,1,0
BRDA:40,6,0,0
BRDA:40,6,1,0
BRDA:40,7,0,0
BRDA:40,7,1,0
BRF:16
BRH:0
end_of_record
TN:
SF:src\app\components\molecules\PaginationSelect\index.tsx
FN:9,(anonymous_2)
FN:24,(anonymous_3)
FN:29,(anonymous_4)
FNF:3
FNH:0
FNDA:0,(anonymous_2)
FNDA:0,(anonymous_3)
FNDA:0,(anonymous_4)
DA:1,0
DA:2,0
DA:9,0
DA:13,0
DA:24,0
DA:30,0
DA:39,0
LF:7
LH:0
BRF:0
BRH:0
end_of_record
TN:
SF:src\app\components\molecules\PreviewBox\index.tsx
FN:11,(anonymous_2)
FNF:1
FNH:1
FNDA:25,(anonymous_2)
DA:1,1
DA:2,1
DA:11,1
DA:37,25
LF:4
LH:4
BRDA:23,0,0,25
BRDA:23,0,1,9
BRDA:26,1,0,25
BRDA:26,1,1,13
BRDA:28,2,0,25
BRDA:30,3,0,11
BRDA:30,3,1,6
BRF:7
BRH:7
end_of_record
TN:
SF:src\app\components\molecules\RecordTableHeader\index.tsx
FN:11,(anonymous_2)
FNF:1
FNH:0
FNDA:0,(anonymous_2)
DA:1,0
DA:2,0
DA:3,0
DA:4,0
DA:11,0
DA:53,0
LF:6
LH:0
BRDA:33,0,0,0
BRDA:33,0,1,0
BRDA:35,1,0,0
BRDA:35,1,1,0
BRF:4
BRH:0
end_of_record
TN:
SF:src\app\components\molecules\RecordTableRow\index.tsx
FN:13,(anonymous_2)
FN:30,(anonymous_3)
FNF:2
FNH:0
FNDA:0,(anonymous_2)
FNDA:0,(anonymous_3)
DA:1,0
DA:2,0
DA:4,0
DA:5,0
DA:6,0
DA:13,0
DA:30,0
DA:41,0
LF:8
LH:0
BRF:0
BRH:0
end_of_record
TN:
SF:src\app\components\molecules\SidebarContent\index.tsx
FN:12,(anonymous_2)
FN:17,(anonymous_3)
FN:23,(anonymous_4)
FNF:3
FNH:0
FNDA:0,(anonymous_2)
FNDA:0,(anonymous_3)
FNDA:0,(anonymous_4)
DA:3,0
DA:4,0
DA:5,0
DA:6,0
DA:12,0
DA:13,0
DA:18,0
DA:23,0
DA:31,0
LF:9
LH:0
BRF:0
BRH:0
end_of_record
TN:
SF:src\app\components\molecules\SidebarItem\index.tsx
FN:17,(anonymous_2)
FNF:1
FNH:0
FNDA:0,(anonymous_2)
DA:3,0
DA:5,0
DA:6,0
DA:7,0
DA:17,0
DA:24,0
DA:25,0
DA:60,0
LF:8
LH:0
BRDA:34,0,0,0
BRDA:34,0,1,0
BRDA:43,1,0,0
BRDA:43,1,1,0
BRDA:47,2,0,0
BRDA:51,3,0,0
BRDA:51,3,1,0
BRF:7
BRH:0
end_of_record
TN:
SF:src\app\components\molecules\Spinner\index.tsx
FN:15,(anonymous_2)
FNF:1
FNH:0
FNDA:0,(anonymous_2)
DA:1,0
DA:2,0
DA:3,0
DA:4,0
DA:15,0
DA:37,0
LF:6
LH:0
BRDA:21,0,0,0
BRDA:30,1,0,0
BRF:2
BRH:0
end_of_record
TN:
SF:src\app\components\molecules\UserActions\index.tsx
FNF:0
FNH:0
DA:1,0
DA:2,0
DA:3,0
DA:4,0
DA:29,0
LF:5
LH:0
BRF:0
BRH:0
end_of_record
TN:
SF:src\app\components\organisms\Footer\index.tsx
FN:15,(anonymous_2)
FNF:1
FNH:0
FNDA:0,(anonymous_2)
DA:1,0
DA:2,0
DA:3,0
DA:15,0
DA:16,0
DA:32,0
LF:6
LH:0
BRF:0
BRH:0
end_of_record
TN:
SF:src\app\components\organisms\Header\index.tsx
FN:18,(anonymous_2)
FN:21,(anonymous_3)
FN:40,(anonymous_4)
FNF:3
FNH:0
FNDA:0,(anonymous_2)
FNDA:0,(anonymous_3)
FNDA:0,(anonymous_4)
DA:3,0
DA:4,0
DA:6,0
DA:7,0
DA:8,0
DA:9,0
DA:18,0
DA:19,0
DA:20,0
DA:21,0
DA:40,0
DA:48,0
LF:12
LH:0
BRDA:36,0,0,0
BRDA:39,1,0,0
BRDA:39,1,1,0
BRF:3
BRH:0
end_of_record
TN:
SF:src\app\components\organisms\LoginBox\index.tsx
FN:17,(anonymous_5)
FN:39,(anonymous_6)
FN:75,(anonymous_7)
FN:76,(anonymous_8)
FNF:4
FNH:0
FNDA:0,(anonymous_5)
FNDA:0,(anonymous_6)
FNDA:0,(anonymous_7)
FNDA:0,(anonymous_8)
DA:3,0
DA:5,0
DA:6,0
DA:7,0
DA:8,0
DA:9,0
DA:17,0
DA:18,0
DA:20,0
DA:21,0
DA:22,0
DA:24,0
DA:25,0
DA:39,0
DA:40,0
DA:42,0
DA:43,0
DA:44,0
DA:46,0
DA:55,0
DA:57,0
DA:66,0
DA:75,0
DA:76,0
DA:84,0
DA:86,0
LF:26
LH:0
BRF:0
BRH:0
end_of_record
TN:
SF:src\app\components\organisms\OperationForm\index.tsx
FN:27,(anonymous_5)
FN:44,(anonymous_6)
FN:49,(anonymous_7)
FN:49,(anonymous_8)
FN:57,(anonymous_9)
FN:61,(anonymous_10)
FN:64,(anonymous_11)
FN:71,(anonymous_12)
FN:82,(anonymous_13)
FN:101,(anonymous_14)
FN:111,(anonymous_15)
FN:149,(anonymous_16)
FN:188,(anonymous_17)
FNF:13
FNH:13
FNDA:27,(anonymous_5)
FNDA:10,(anonymous_6)
FNDA:10,(anonymous_7)
FNDA:46,(anonymous_8)
FNDA:36,(anonymous_9)
FNDA:8,(anonymous_10)
FNDA:8,(anonymous_11)
FNDA:11,(anonymous_12)
FNDA:11,(anonymous_13)
FNDA:25,(anonymous_14)
FNDA:3,(anonymous_15)
FNDA:5,(anonymous_16)
FNDA:5,(anonymous_17)
DA:3,1
DA:12,1
DA:13,1
DA:14,1
DA:15,1
DA:16,1
DA:17,1
DA:18,1
DA:19,1
DA:27,1
DA:30,27
DA:33,27
DA:34,27
DA:35,27
DA:36,27
DA:37,27
DA:39,27
DA:40,27
DA:41,27
DA:43,27
DA:44,10
DA:48,27
DA:49,10
DA:50,46
DA:57,27
DA:61,36
DA:62,8
DA:63,8
DA:64,8
DA:68,8
DA:71,27
DA:72,11
DA:73,11
DA:75,11
DA:82,11
DA:87,11
DA:88,3
DA:98,11
DA:101,27
DA:102,25
DA:103,16
DA:104,14
DA:105,13
DA:106,9
DA:108,4
DA:111,27
DA:112,3
DA:114,3
DA:115,2
DA:118,1
DA:120,1
DA:127,1
DA:128,1
DA:133,1
DA:134,1
DA:136,0
DA:145,1
DA:149,27
DA:150,5
DA:151,5
DA:152,5
DA:153,5
DA:154,5
DA:157,27
DA:165,26
DA:189,5
DA:190,5
DA:279,10
LF:68
LH:67
BRDA:51,0,0,46
BRDA:51,0,1,0
BRDA:76,1,0,11
BRDA:76,1,1,1
BRDA:87,2,0,3
BRDA:102,3,0,9
BRDA:103,4,0,2
BRDA:103,5,0,16
BRDA:103,5,1,16
BRDA:103,5,2,16
BRDA:104,6,0,1
BRDA:105,7,0,9
BRDA:106,8,0,9
BRDA:106,8,1,6
BRDA:114,9,0,2
BRDA:122,10,0,1
BRDA:122,10,1,0
BRDA:122,11,0,1
BRDA:122,11,1,0
BRDA:129,12,0,1
BRDA:129,12,1,0
BRDA:138,13,0,0
BRDA:138,13,1,0
BRDA:157,14,0,1
BRDA:165,15,0,1
BRDA:187,16,0,25
BRDA:187,16,1,9
BRDA:211,17,0,25
BRDA:211,17,1,16
BRDA:233,18,0,25
BRDA:233,18,1,9
BRDA:237,19,0,16
BRDA:237,19,1,9
BRDA:243,20,0,25
BRDA:249,21,0,25
BRDA:267,22,0,25
BRDA:267,22,1,5
BRDA:270,23,0,1
BRDA:270,23,1,24
BRF:39
BRH:33
end_of_record
TN:
SF:src\app\components\organisms\RecordsTable\index.tsx
FN:22,(anonymous_5)
FN:27,(anonymous_6)
FN:36,(anonymous_7)
FN:37,(anonymous_8)
FN:41,(anonymous_9)
FN:57,(anonymous_10)
FN:58,(anonymous_11)
FN:61,(anonymous_12)
FN:66,(anonymous_13)
FN:70,(anonymous_14)
FN:75,(anonymous_15)
FN:76,(anonymous_16)
FN:79,(anonymous_17)
FN:106,(anonymous_18)
FN:111,(anonymous_19)
FN:131,(anonymous_20)
FN:147,(anonymous_21)
FN:147,(anonymous_22)
FN:148,(anonymous_23)
FN:149,(anonymous_24)
FNF:20
FNH:0
FNDA:0,(anonymous_5)
FNDA:0,(anonymous_6)
FNDA:0,(anonymous_7)
FNDA:0,(anonymous_8)
FNDA:0,(anonymous_9)
FNDA:0,(anonymous_10)
FNDA:0,(anonymous_11)
FNDA:0,(anonymous_12)
FNDA:0,(anonymous_13)
FNDA:0,(anonymous_14)
FNDA:0,(anonymous_15)
FNDA:0,(anonymous_16)
FNDA:0,(anonymous_17)
FNDA:0,(anonymous_18)
FNDA:0,(anonymous_19)
FNDA:0,(anonymous_20)
FNDA:0,(anonymous_21)
FNDA:0,(anonymous_22)
FNDA:0,(anonymous_23)
FNDA:0,(anonymous_24)
DA:3,0
DA:13,0
DA:14,0
DA:15,0
DA:16,0
DA:17,0
DA:18,0
DA:20,0
DA:22,0
DA:24,0
DA:26,0
DA:27,0
DA:29,0
DA:30,0
DA:31,0
DA:32,0
DA:34,0
DA:36,0
DA:37,0
DA:38,0
DA:41,0
DA:42,0
DA:43,0
DA:44,0
DA:46,0
DA:57,0
DA:58,0
DA:61,0
DA:62,0
DA:64,0
DA:65,0
DA:66,0
DA:69,0
DA:70,0
DA:74,0
DA:75,0
DA:77,0
DA:80,0
DA:86,0
DA:94,0
DA:106,0
DA:112,0
DA:132,0
DA:133,0
DA:147,0
DA:149,0
DA:150,0
DA:158,0
LF:48
LH:0
BRDA:48,0,0,0
BRDA:48,0,1,0
BRDA:58,1,0,0
BRDA:58,1,1,0
BRDA:64,2,0,0
BRDA:64,2,1,0
BRDA:77,3,0,0
BRDA:77,3,1,0
BRDA:80,4,0,0
BRDA:80,4,1,0
BRDA:86,5,0,0
BRDA:86,6,0,0
BRDA:86,6,1,0
BRDA:94,7,0,0
BRDA:150,8,0,0
BRDA:150,8,1,0
BRF:16
BRH:0
end_of_record
TN:
SF:src\app\components\organisms\Sidebar\index.tsx
FN:14,(anonymous_5)
FN:33,(anonymous_6)
FNF:2
FNH:0
FNDA:0,(anonymous_5)
FNDA:0,(anonymous_6)
DA:3,0
DA:4,0
DA:5,0
DA:6,0
DA:7,0
DA:14,0
DA:15,0
DA:33,0
DA:52,0
LF:9
LH:0
BRDA:22,0,0,0
BRDA:22,0,1,0
BRDA:28,1,0,0
BRDA:28,1,1,0
BRDA:31,2,0,0
BRDA:31,2,1,0
BRDA:41,3,0,0
BRF:7
BRH:0
end_of_record
TN:
SF:src\app\components\templates\Layout\index.tsx
FN:15,(anonymous_2)
FN:16,(anonymous_3)
FNF:2
FNH:0
FNDA:0,(anonymous_2)
FNDA:0,(anonymous_3)
DA:3,0
DA:5,0
DA:6,0
DA:7,0
DA:8,0
DA:15,0
DA:16,0
DA:40,0
LF:8
LH:0
BRDA:22,0,0,0
BRDA:22,0,1,0
BRF:2
BRH:0
end_of_record
TN:
SF:src\app\hooks\useApi.ts
FN:6,(anonymous_2)
FN:7,(anonymous_3)
FNF:2
FNH:0
FNDA:0,(anonymous_2)
FNDA:0,(anonymous_3)
DA:1,3
DA:3,3
DA:6,3
DA:7,0
DA:8,0
DA:11,0
DA:14,3
LF:7
LH:4
BRF:0
BRH:0
end_of_record
TN:
SF:src\app\hooks\useAuthService.ts
FN:32,(anonymous_2)
FN:48,(anonymous_3)
FN:85,(anonymous_4)
FN:104,(anonymous_5)
FNF:4
FNH:0
FNDA:0,(anonymous_2)
FNDA:0,(anonymous_3)
FNDA:0,(anonymous_4)
FNDA:0,(anonymous_5)
DA:3,0
DA:4,0
DA:5,0
DA:6,0
DA:9,0
DA:10,0
DA:11,0
DA:32,0
DA:33,0
DA:34,0
DA:35,0
DA:36,0
DA:48,0
DA:52,0
DA:53,0
DA:58,0
DA:59,0
DA:60,0
DA:61,0
DA:62,0
DA:65,0
DA:67,0
DA:69,0
DA:71,0
DA:75,0
DA:76,0
DA:85,0
DA:86,0
DA:104,0
DA:105,0
DA:106,0
DA:107,0
DA:110,0
DA:114,0
DA:115,0
DA:119,0
LF:36
LH:0
BRDA:58,0,0,0
BRDA:71,1,0,0
BRDA:71,1,1,0
BRDA:110,2,0,0
BRDA:110,2,1,0
BRF:5
BRH:0
end_of_record
TN:
SF:src\app\hooks\useOperationService.ts
FN:14,(anonymous_2)
FN:20,(anonymous_3)
FN:28,(anonymous_4)
FN:49,(anonymous_5)
FNF:4
FNH:3
FNDA:5,(anonymous_2)
FNDA:0,(anonymous_3)
FNDA:3,(anonymous_4)
FNDA:2,(anonymous_5)
DA:3,2
DA:4,2
DA:6,2
DA:7,2
DA:8,2
DA:11,2
DA:12,2
DA:14,6
DA:15,5
DA:16,5
DA:17,5
DA:18,5
DA:20,5
DA:21,0
DA:22,0
DA:24,0
DA:28,5
DA:29,3
DA:38,3
DA:39,1
DA:42,3
DA:49,5
DA:53,2
DA:54,2
DA:59,1
DA:61,1
DA:70,1
DA:72,1
DA:74,1
DA:84,1
DA:88,5
LF:31
LH:28
BRDA:38,0,0,1
BRDA:43,1,0,3
BRDA:43,1,1,2
BRDA:45,2,0,3
BRDA:45,2,1,1
BRDA:77,3,0,1
BRDA:77,3,1,0
BRF:7
BRH:6
end_of_record
TN:
SF:src\app\hooks\useRecordService.ts
FN:12,(anonymous_5)
FN:18,(anonymous_6)
FN:31,(anonymous_7)
FN:35,(anonymous_8)
FN:38,(anonymous_9)
FN:61,(anonymous_10)
FNF:6
FNH:4
FNDA:10,(anonymous_5)
FNDA:0,(anonymous_6)
FNDA:2,(anonymous_7)
FNDA:3,(anonymous_8)
FNDA:0,(anonymous_9)
FNDA:2,(anonymous_10)
DA:3,2
DA:4,2
DA:5,2
DA:7,2
DA:9,2
DA:10,2
DA:12,10
DA:13,10
DA:14,10
DA:15,10
DA:16,10
DA:18,10
DA:22,0
DA:23,0
DA:27,0
DA:31,10
DA:32,2
DA:35,10
DA:36,3
DA:38,0
DA:46,3
DA:55,0
DA:61,10
DA:62,2
DA:63,2
DA:64,2
DA:65,1
DA:67,1
DA:75,1
DA:77,1
DA:78,1
DA:88,1
DA:90,2
DA:94,10
LF:34
LH:29
BRDA:48,0,0,3
BRDA:48,0,1,2
BRDA:49,1,0,3
BRDA:49,1,1,2
BRDA:50,2,0,3
BRDA:50,2,1,2
BRDA:51,3,0,3
BRDA:51,3,1,3
BRDA:56,4,0,0
BRDA:56,4,1,0
BRDA:56,4,2,0
BRDA:81,5,0,1
BRDA:81,5,1,0
BRF:13
BRH:9
end_of_record
TN:
SF:src\app\providers\AppProvider.tsx
FN:7,AppProvider
FNF:1
FNH:0
FNDA:0,AppProvider
DA:1,0
DA:2,0
DA:3,0
DA:4,0
DA:5,0
DA:7,0
LF:6
LH:0
BRF:0
BRH:0
end_of_record
TN:
SF:src\app\services\validation-service.ts
FN:4,(anonymous_1)
FN:13,(anonymous_2)
FN:17,(anonymous_3)
FN:23,(anonymous_4)
FNF:4
FNH:4
FNDA:10,(anonymous_1)
FNDA:1,(anonymous_2)
FNDA:8,(anonymous_3)
FNDA:11,(anonymous_4)
DA:1,10
DA:5,10
DA:8,1
DA:14,1
DA:18,8
DA:29,11
DA:38,11
DA:39,1
DA:42,10
DA:43,0
DA:46,10
DA:48,10
DA:50,4
DA:51,1
DA:54,3
DA:57,3
DA:58,1
DA:60,2
DA:63,3
DA:66,8
LF:20
LH:19
BRDA:18,0,0,7
BRDA:18,0,1,1
BRDA:38,1,0,1
BRDA:42,2,0,0
BRDA:42,3,0,10
BRDA:42,3,1,10
BRDA:48,4,0,4
BRDA:48,4,1,3
BRDA:48,4,2,3
BRDA:50,5,0,1
BRDA:57,6,0,1
BRF:11
BRH:10
end_of_record
TN:
SF:src\app\store\store.ts
FN:25,(anonymous_5)
FNF:1
FNH:0
FNDA:0,(anonymous_5)
DA:2,0
DA:3,0
DA:4,0
DA:5,0
DA:6,0
DA:7,0
DA:10,0
DA:15,0
DA:17,0
DA:19,0
DA:26,0
DA:37,0
DA:42,0
DA:43,0
LF:14
LH:0
BRDA:17,0,0,0
BRDA:17,0,1,0
BRDA:37,1,0,0
BRDA:37,1,1,0
BRF:4
BRH:0
end_of_record
TN:
SF:src\app\store\slices\auth-slice.ts
FN:17,(anonymous_5)
FN:27,(anonymous_6)
FN:34,(anonymous_7)
FNF:3
FNH:0
FNDA:0,(anonymous_5)
FNDA:0,(anonymous_6)
FNDA:0,(anonymous_7)
DA:1,1
DA:4,1
DA:6,1
DA:13,1
DA:21,0
DA:22,0
DA:23,0
DA:24,0
DA:25,0
DA:28,0
DA:29,0
DA:30,0
DA:31,0
DA:32,0
DA:35,0
DA:40,1
DA:41,1
LF:17
LH:6
BRDA:10,0,0,1
BRDA:10,0,1,1
BRF:2
BRH:2
end_of_record
TN:
SF:src\app\store\slices\operations-slice.ts
FN:13,(anonymous_3)
FNF:1
FNH:0
FNDA:0,(anonymous_3)
DA:3,1
DA:5,1
DA:9,1
DA:14,0
DA:19,1
DA:20,1
LF:6
LH:5
BRF:0
BRH:0
end_of_record
TN:
SF:src\app\store\slices\record-slice.ts
FN:16,(anonymous_4)
FN:23,(anonymous_5)
FN:25,(anonymous_6)
FNF:3
FNH:0
FNDA:0,(anonymous_4)
FNDA:0,(anonymous_5)
FNDA:0,(anonymous_6)
DA:3,1
DA:5,1
DA:12,1
DA:17,0
DA:18,0
DA:19,0
DA:20,0
DA:24,0
DA:25,0
DA:31,1
DA:32,1
LF:11
LH:5
BRF:0
BRH:0
end_of_record
TN:
SF:src\app\utils\storage.ts
FN:13,(anonymous_3)
FN:36,(anonymous_4)
FN:47,(anonymous_5)
FN:53,(anonymous_6)
FNF:4
FNH:1
FNDA:2,(anonymous_3)
FNDA:0,(anonymous_4)
FNDA:0,(anonymous_5)
FNDA:0,(anonymous_6)
DA:1,1
DA:3,2
DA:17,2
DA:18,2
DA:19,2
DA:20,0
DA:21,0
DA:23,0
DA:27,2
DA:37,0
DA:38,0
DA:48,0
DA:49,0
DA:54,0
DA:55,0
LF:15
LH:6
BRDA:15,0,0,1
BRDA:17,1,0,2
BRDA:19,2,0,0
BRDA:37,3,0,0
BRDA:48,4,0,0
BRDA:54,5,0,0
BRF:6
BRH:2
end_of_record
TN:
SF:src\app\utils\twclsx.ts
FN:10,(anonymous_2)
FNF:1
FNH:1
FNDA:228,(anonymous_2)
DA:2,1
DA:3,1
DA:10,228
DA:11,228
LF:4
LH:4
BRF:0
BRH:0
end_of_record
