TN:
SF:src\app\layout.tsx
FN:18,RootLayout
FNF:1
FNH:0
FNDA:0,RootLayout
DA:3,0
DA:4,0
DA:5,0
DA:7,0
DA:12,0
DA:18,0
DA:25,0
LF:7
LH:0
BRDA:20,0,0,0
BRDA:25,1,0,0
BRF:2
BRH:0
end_of_record
TN:
SF:src\app\page.tsx
FN:11,Home
FN:12,(anonymous_3)
FNF:2
FNH:0
FNDA:0,Home
FNDA:0,(anonymous_3)
DA:3,0
DA:4,0
DA:5,0
DA:6,0
DA:7,0
DA:9,0
DA:11,0
DA:12,0
LF:8
LH:0
BRF:0
BRH:0
end_of_record
TN:
SF:src\app\(pages)\login\page.tsx
FN:6,(anonymous_2)
FNF:1
FNH:0
FNDA:0,(anonymous_2)
DA:3,0
DA:4,0
DA:6,0
DA:22,0
LF:4
LH:0
BRF:0
BRH:0
end_of_record
TN:
SF:src\app\api\AxiosApiClient.ts
FN:13,(anonymous_2)
FN:15,(anonymous_3)
FN:25,(anonymous_4)
FN:29,(anonymous_5)
FN:30,(anonymous_6)
FN:36,(anonymous_7)
FN:39,(anonymous_8)
FN:47,(anonymous_9)
FN:55,(anonymous_10)
FN:63,(anonymous_11)
FN:67,(anonymous_12)
FNF:11
FNH:0
FNDA:0,(anonymous_2)
FNDA:0,(anonymous_3)
FNDA:0,(anonymous_4)
FNDA:0,(anonymous_5)
FNDA:0,(anonymous_6)
FNDA:0,(anonymous_7)
FNDA:0,(anonymous_8)
FNDA:0,(anonymous_9)
FNDA:0,(anonymous_10)
FNDA:0,(anonymous_11)
FNDA:0,(anonymous_12)
DA:1,0
DA:6,0
DA:14,0
DA:16,0
DA:17,0
DA:18,0
DA:23,0
DA:25,0
DA:28,0
DA:29,0
DA:31,0
DA:37,0
DA:44,0
DA:52,0
DA:60,0
DA:64,0
DA:68,0
DA:78,0
LF:18
LH:0
BRDA:17,0,0,0
BRDA:17,0,1,0
BRF:2
BRH:0
end_of_record
TN:
SF:src\app\components\atoms\Button\index.tsx
FN:21,(anonymous_2)
FN:34,(anonymous_3)
FN:43,(anonymous_4)
FNF:3
FNH:0
FNDA:0,(anonymous_2)
FNDA:0,(anonymous_3)
FNDA:0,(anonymous_4)
DA:4,0
DA:5,0
DA:6,0
DA:7,0
DA:20,0
DA:33,0
DA:34,0
DA:42,0
DA:43,0
DA:69,0
DA:71,0
LF:11
LH:0
BRDA:23,0,0,0
BRDA:24,1,0,0
BRDA:26,2,0,0
BRDA:27,3,0,0
BRDA:59,4,0,0
BRDA:59,4,1,0
BRDA:63,5,0,0
BRDA:63,5,1,0
BRF:8
BRH:0
end_of_record
TN:
SF:src\app\components\atoms\Dropdown\index.tsx
FN:16,(anonymous_2)
FN:28,(anonymous_3)
FN:37,(anonymous_4)
FNF:3
FNH:0
FNDA:0,(anonymous_2)
FNDA:0,(anonymous_3)
FNDA:0,(anonymous_4)
DA:1,0
DA:2,0
DA:16,0
DA:28,0
DA:38,0
DA:51,0
LF:6
LH:0
BRF:0
BRH:0
end_of_record
TN:
SF:src\app\components\atoms\ErrorMessage\index.tsx
FN:9,(anonymous_2)
FNF:1
FNH:1
FNDA:2,(anonymous_2)
DA:1,1
DA:2,1
DA:9,1
DA:21,1
DA:23,2
LF:5
LH:5
BRF:0
BRH:0
end_of_record
TN:
SF:src\app\components\atoms\Form\index.tsx
FN:10,(anonymous_2)
FN:16,(anonymous_3)
FNF:2
FNH:0
FNDA:0,(anonymous_2)
FNDA:0,(anonymous_3)
DA:1,0
DA:2,0
DA:10,0
DA:16,0
DA:17,0
DA:18,0
DA:34,0
DA:36,0
LF:8
LH:0
BRDA:18,0,0,0
BRF:1
BRH:0
end_of_record
TN:
SF:src\app\components\atoms\FormControl\index.tsx
FN:9,(anonymous_2)
FNF:1
FNH:0
FNDA:0,(anonymous_2)
DA:1,0
DA:2,0
DA:9,0
DA:21,0
DA:23,0
LF:5
LH:0
BRF:0
BRH:0
end_of_record
TN:
SF:src\app\components\atoms\FormHeader\index.tsx
FN:9,(anonymous_2)
FNF:1
FNH:0
FNDA:0,(anonymous_2)
DA:1,0
DA:2,0
DA:9,0
DA:20,0
DA:22,0
LF:5
LH:0
BRF:0
BRH:0
end_of_record
TN:
SF:src\app\components\atoms\Input\index.tsx
FN:15,(anonymous_4)
FNF:1
FNH:1
FNDA:29,(anonymous_4)
DA:4,1
DA:5,1
DA:6,1
DA:14,1
DA:19,29
DA:48,1
DA:50,29
LF:7
LH:7
BRDA:16,0,0,29
BRF:1
BRH:1
end_of_record
TN:
SF:src\app\components\atoms\Label\index.tsx
FN:10,(anonymous_2)
FNF:1
FNH:0
FNDA:0,(anonymous_2)
DA:1,0
DA:2,0
DA:3,0
DA:10,0
DA:30,0
DA:32,0
LF:6
LH:0
BRF:0
BRH:0
end_of_record
TN:
SF:src\app\components\atoms\Logo\index.tsx
FNF:0
FNH:0
DA:1,0
DA:2,0
DA:3,0
DA:4,0
DA:31,0
DA:33,0
LF:6
LH:0
BRDA:14,0,0,0
BRDA:15,1,0,0
BRF:2
BRH:0
end_of_record
TN:
SF:src\app\components\atoms\SpinnerIcon\index.tsx
FN:4,(anonymous_2)
FNF:1
FNH:0
FNDA:0,(anonymous_2)
DA:1,0
DA:2,0
DA:3,0
DA:4,0
DA:28,0
LF:5
LH:0
BRDA:7,0,0,0
BRDA:17,1,0,0
BRDA:17,1,1,0
BRDA:18,2,0,0
BRDA:18,2,1,0
BRF:5
BRH:0
end_of_record
TN:
SF:src\app\components\atoms\Text\index.tsx
FN:11,(anonymous_1)
FNF:1
FNH:1
FNDA:67,(anonymous_1)
DA:4,1
DA:5,1
DA:11,1
DA:17,67
DA:33,1
DA:35,67
LF:6
LH:6
BRDA:12,0,0,67
BRF:1
BRH:1
end_of_record
TN:
SF:src\app\components\config\menu-items.ts
FNF:0
FNH:0
DA:1,0
DA:3,0
LF:2
LH:0
BRF:0
BRH:0
end_of_record
TN:
SF:src\app\components\guards\auth-guard.tsx
FN:9,(anonymous_1)
FN:10,(anonymous_2)
FN:14,(anonymous_3)
FNF:3
FNH:0
FNDA:0,(anonymous_1)
FNDA:0,(anonymous_2)
FNDA:0,(anonymous_3)
DA:3,0
DA:4,0
DA:5,0
DA:9,0
DA:10,0
DA:11,0
DA:12,0
DA:14,0
DA:15,0
DA:16,0
DA:18,0
DA:22,0
DA:23,0
DA:29,0
LF:14
LH:0
BRDA:15,0,0,0
BRDA:15,0,1,0
BRDA:22,1,0,0
BRF:3
BRH:0
end_of_record
TN:
SF:src\app\components\molecules\AuthLink\index.tsx
FN:10,(anonymous_2)
FNF:1
FNH:0
FNDA:0,(anonymous_2)
DA:1,0
DA:2,0
DA:10,0
DA:53,0
LF:4
LH:0
BRF:0
BRH:0
end_of_record
TN:
SF:src\app\components\molecules\ConfirmationModal\index.tsx
FN:13,(anonymous_2)
FNF:1
FNH:0
FNDA:0,(anonymous_2)
DA:1,0
DA:2,0
DA:3,0
DA:4,0
DA:13,0
DA:19,0
DA:56,0
LF:7
LH:0
BRDA:19,0,0,0
BRF:1
BRH:0
end_of_record
TN:
SF:src\app\components\molecules\FilterInput\index.tsx
FN:10,(anonymous_2)
FN:20,(anonymous_3)
FNF:2
FNH:0
FNDA:0,(anonymous_2)
FNDA:0,(anonymous_3)
DA:1,0
DA:2,0
DA:10,0
DA:20,0
DA:26,0
LF:5
LH:0
BRF:0
BRH:0
end_of_record
TN:
SF:src\app\components\molecules\Filters\index.tsx
FN:15,(anonymous_2)
FN:26,(anonymous_3)
FN:46,(anonymous_4)
FN:54,(anonymous_5)
FN:57,(anonymous_6)
FN:71,(anonymous_7)
FNF:6
FNH:0
FNDA:0,(anonymous_2)
FNDA:0,(anonymous_3)
FNDA:0,(anonymous_4)
FNDA:0,(anonymous_5)
FNDA:0,(anonymous_6)
FNDA:0,(anonymous_7)
DA:1,0
DA:2,0
DA:3,0
DA:5,0
DA:15,0
DA:16,0
DA:26,0
DA:46,0
DA:55,0
DA:57,0
DA:71,0
DA:77,0
LF:12
LH:0
BRDA:26,0,0,0
BRDA:26,0,1,0
BRF:2
BRH:0
end_of_record
TN:
SF:src\app\components\molecules\FormInputField\index.tsx
FN:10,(anonymous_2)
FN:18,(anonymous_3)
FNF:2
FNH:0
FNDA:0,(anonymous_2)
FNDA:0,(anonymous_3)
DA:1,0
DA:2,0
DA:10,0
DA:14,0
DA:19,0
DA:20,0
DA:37,0
LF:7
LH:0
BRDA:19,0,0,0
BRDA:33,1,0,0
BRDA:33,1,1,0
BRF:3
BRH:0
end_of_record
TN:
SF:src\app\components\molecules\FormLayout\index.tsx
FN:11,(anonymous_2)
FNF:1
FNH:0
FNDA:0,(anonymous_2)
DA:1,0
DA:2,0
DA:3,0
DA:11,0
DA:48,0
LF:5
LH:0
BRF:0
BRH:0
end_of_record
TN:
SF:src\app\components\molecules\HeaderContent\index.tsx
FNF:0
FNH:0
DA:1,0
DA:2,0
DA:16,0
LF:3
LH:0
BRF:0
BRH:0
end_of_record
TN:
SF:src\app\components\molecules\InputField\index.tsx
FN:32,(anonymous_5)
FN:45,(anonymous_6)
FN:78,(anonymous_7)
FNF:3
FNH:2
FNDA:29,(anonymous_5)
FNDA:0,(anonymous_6)
FNDA:9,(anonymous_7)
DA:3,1
DA:4,1
DA:11,1
DA:12,1
DA:13,1
DA:26,1
DA:32,1
DA:43,29
DA:45,29
DA:48,29
DA:50,29
DA:53,29
DA:78,9
DA:122,29
LF:14
LH:14
BRDA:37,0,0,29
BRDA:48,1,0,0
BRDA:48,1,1,29
BRDA:48,2,0,29
BRDA:48,2,1,0
BRDA:53,3,0,29
BRDA:53,3,1,0
BRDA:53,4,0,0
BRDA:53,4,1,0
BRDA:57,5,0,29
BRDA:82,6,0,2
BRDA:82,6,1,27
BRDA:84,7,0,0
BRDA:84,7,1,29
BRDA:96,8,0,29
BRDA:110,9,0,0
BRDA:117,10,0,29
BRF:17
BRH:10
end_of_record
TN:
SF:src\app\components\molecules\LoginForm\index.tsx
FN:11,(anonymous_2)
FN:28,(anonymous_3)
FN:39,(anonymous_4)
FNF:3
FNH:0
FNDA:0,(anonymous_2)
FNDA:0,(anonymous_3)
FNDA:0,(anonymous_4)
DA:3,0
DA:4,0
DA:5,0
DA:6,0
DA:7,0
DA:9,0
DA:11,0
DA:19,0
DA:29,0
DA:40,0
DA:74,0
LF:11
LH:0
BRDA:17,0,0,0
BRDA:19,1,0,0
BRDA:19,1,1,0
BRDA:62,2,0,0
BRF:4
BRH:0
end_of_record
TN:
SF:src\app\components\molecules\OperationSelect\index.tsx
FN:17,(anonymous_1)
FN:24,(anonymous_2)
FN:44,(anonymous_3)
FN:47,(anonymous_4)
FNF:4
FNH:4
FNDA:19,(anonymous_1)
FNDA:51,(anonymous_2)
FNDA:55,(anonymous_3)
FNDA:4,(anonymous_4)
DA:1,1
DA:2,1
DA:17,1
DA:24,51
DA:45,55
DA:47,4
DA:60,19
LF:7
LH:7
BRDA:24,0,0,19
BRDA:24,0,1,4
BRF:2
BRH:2
end_of_record
TN:
SF:src\app\components\molecules\PaginationControls\index.tsx
FN:15,(anonymous_2)
FNF:1
FNH:0
FNDA:0,(anonymous_2)
DA:1,0
DA:2,0
DA:3,0
DA:4,0
DA:15,0
DA:46,0
LF:6
LH:0
BRDA:28,0,0,0
BRDA:28,0,1,0
BRDA:38,1,0,0
BRDA:38,1,1,0
BRF:4
BRH:0
end_of_record
TN:
SF:src\app\components\molecules\PaginationSelect\index.tsx
FN:9,(anonymous_2)
FN:24,(anonymous_3)
FN:29,(anonymous_4)
FNF:3
FNH:0
FNDA:0,(anonymous_2)
FNDA:0,(anonymous_3)
FNDA:0,(anonymous_4)
DA:1,0
DA:2,0
DA:9,0
DA:13,0
DA:24,0
DA:30,0
DA:39,0
LF:7
LH:0
BRF:0
BRH:0
end_of_record
TN:
SF:src\app\components\molecules\PreviewBox\index.tsx
FN:11,(anonymous_2)
FNF:1
FNH:1
FNDA:19,(anonymous_2)
DA:1,1
DA:2,1
DA:11,1
DA:37,19
LF:4
LH:4
BRDA:23,0,0,19
BRDA:23,0,1,4
BRDA:26,1,0,19
BRDA:26,1,1,8
BRDA:28,2,0,19
BRDA:30,3,0,10
BRDA:30,3,1,6
BRF:7
BRH:7
end_of_record
TN:
SF:src\app\components\molecules\RecordTableHeader\index.tsx
FN:10,(anonymous_2)
FNF:1
FNH:0
FNDA:0,(anonymous_2)
DA:1,0
DA:2,0
DA:3,0
DA:10,0
DA:82,0
LF:5
LH:0
BRDA:57,0,0,0
BRDA:57,0,1,0
BRDA:59,1,0,0
BRDA:59,1,1,0
BRF:4
BRH:0
end_of_record
TN:
SF:src\app\components\molecules\RecordTableRow\index.tsx
FN:12,(anonymous_2)
FN:29,(anonymous_3)
FNF:2
FNH:0
FNDA:0,(anonymous_2)
FNDA:0,(anonymous_3)
DA:1,0
DA:2,0
DA:4,0
DA:5,0
DA:12,0
DA:29,0
DA:40,0
LF:7
LH:0
BRF:0
BRH:0
end_of_record
TN:
SF:src\app\components\molecules\SidebarContent\index.tsx
FN:12,(anonymous_2)
FN:17,(anonymous_3)
FN:23,(anonymous_4)
FNF:3
FNH:0
FNDA:0,(anonymous_2)
FNDA:0,(anonymous_3)
FNDA:0,(anonymous_4)
DA:3,0
DA:4,0
DA:5,0
DA:6,0
DA:12,0
DA:13,0
DA:18,0
DA:23,0
DA:30,0
LF:9
LH:0
BRF:0
BRH:0
end_of_record
TN:
SF:src\app\components\molecules\SidebarItem\index.tsx
FNF:0
FNH:0
DA:1,0
DA:3,0
DA:4,0
DA:35,0
LF:4
LH:0
BRDA:27,0,0,0
BRF:1
BRH:0
end_of_record
TN:
SF:src\app\components\molecules\Spinner\index.tsx
FN:15,(anonymous_2)
FNF:1
FNH:0
FNDA:0,(anonymous_2)
DA:1,0
DA:2,0
DA:3,0
DA:4,0
DA:15,0
DA:37,0
LF:6
LH:0
BRDA:21,0,0,0
BRDA:30,1,0,0
BRF:2
BRH:0
end_of_record
TN:
SF:src\app\components\molecules\UserActions\index.tsx
FNF:0
FNH:0
DA:1,0
DA:2,0
DA:3,0
DA:4,0
DA:29,0
LF:5
LH:0
BRF:0
BRH:0
end_of_record
TN:
SF:src\app\components\organisms\Footer\index.tsx
FN:15,(anonymous_2)
FNF:1
FNH:0
FNDA:0,(anonymous_2)
DA:1,0
DA:2,0
DA:3,0
DA:15,0
DA:16,0
DA:32,0
LF:6
LH:0
BRF:0
BRH:0
end_of_record
TN:
SF:src\app\components\organisms\Header\index.tsx
FN:18,(anonymous_2)
FN:21,(anonymous_3)
FN:40,(anonymous_4)
FNF:3
FNH:0
FNDA:0,(anonymous_2)
FNDA:0,(anonymous_3)
FNDA:0,(anonymous_4)
DA:3,0
DA:4,0
DA:6,0
DA:7,0
DA:8,0
DA:9,0
DA:18,0
DA:19,0
DA:20,0
DA:21,0
DA:40,0
DA:48,0
LF:12
LH:0
BRDA:36,0,0,0
BRDA:39,1,0,0
BRDA:39,1,1,0
BRF:3
BRH:0
end_of_record
TN:
SF:src\app\components\organisms\LoginBox\index.tsx
FN:17,(anonymous_5)
FN:39,(anonymous_6)
FN:73,(anonymous_7)
FN:74,(anonymous_8)
FNF:4
FNH:0
FNDA:0,(anonymous_5)
FNDA:0,(anonymous_6)
FNDA:0,(anonymous_7)
FNDA:0,(anonymous_8)
DA:3,0
DA:5,0
DA:6,0
DA:7,0
DA:8,0
DA:9,0
DA:17,0
DA:18,0
DA:20,0
DA:21,0
DA:22,0
DA:24,0
DA:25,0
DA:39,0
DA:40,0
DA:42,0
DA:43,0
DA:44,0
DA:46,0
DA:54,0
DA:56,0
DA:64,0
DA:73,0
DA:74,0
DA:82,0
DA:84,0
LF:26
LH:0
BRF:0
BRH:0
end_of_record
TN:
SF:src\app\components\organisms\OperationForm\index.tsx
FN:21,(anonymous_5)
FN:42,(anonymous_6)
FN:46,(anonymous_7)
FN:56,(anonymous_8)
FN:72,(anonymous_9)
FN:78,(anonymous_10)
FN:82,(anonymous_11)
FN:85,(anonymous_12)
FN:92,(anonymous_13)
FN:131,(anonymous_14)
FN:170,(anonymous_15)
FNF:11
FNH:11
FNDA:19,(anonymous_5)
FNDA:4,(anonymous_6)
FNDA:9,(anonymous_7)
FNDA:9,(anonymous_8)
FNDA:39,(anonymous_9)
FNDA:29,(anonymous_10)
FNDA:9,(anonymous_11)
FNDA:9,(anonymous_12)
FNDA:1,(anonymous_13)
FNDA:4,(anonymous_14)
FNDA:4,(anonymous_15)
DA:3,1
DA:13,1
DA:14,1
DA:15,1
DA:16,1
DA:17,1
DA:18,1
DA:19,1
DA:21,1
DA:26,19
DA:27,19
DA:28,19
DA:29,19
DA:30,19
DA:35,19
DA:37,19
DA:38,19
DA:39,19
DA:41,19
DA:42,4
DA:46,19
DA:47,9
DA:48,9
DA:50,9
DA:56,9
DA:61,9
DA:62,1
DA:72,19
DA:73,39
DA:78,19
DA:82,29
DA:83,9
DA:84,9
DA:85,9
DA:89,9
DA:92,19
DA:93,1
DA:94,1
DA:101,1
DA:102,1
DA:107,1
DA:109,1
DA:111,1
DA:119,0
DA:127,1
DA:131,19
DA:132,4
DA:133,4
DA:134,4
DA:135,4
DA:136,4
DA:139,19
DA:147,19
DA:171,4
DA:172,4
DA:259,4
LF:56
LH:55
BRDA:61,0,0,1
BRDA:96,1,0,1
BRDA:96,1,1,0
BRDA:121,2,0,0
BRDA:121,2,1,0
BRDA:139,3,0,0
BRDA:147,4,0,0
BRDA:192,5,0,19
BRDA:218,6,0,19
BRDA:224,7,0,19
BRDA:243,8,0,19
BRDA:243,8,1,15
BRDA:243,8,2,13
BRDA:243,8,3,13
BRDA:243,8,4,12
BRDA:250,9,0,1
BRDA:250,9,1,18
BRF:17
BRH:12
end_of_record
TN:
SF:src\app\components\organisms\RecordsTable\index.tsx
FN:20,(anonymous_5)
FN:36,(anonymous_6)
FN:37,(anonymous_7)
FN:41,(anonymous_8)
FN:56,(anonymous_9)
FN:57,(anonymous_10)
FN:60,(anonymous_11)
FN:65,(anonymous_12)
FN:69,(anonymous_13)
FN:74,(anonymous_14)
FN:75,(anonymous_15)
FN:78,(anonymous_16)
FN:105,(anonymous_17)
FN:110,(anonymous_18)
FN:130,(anonymous_19)
FN:145,(anonymous_20)
FN:145,(anonymous_21)
FN:146,(anonymous_22)
FN:147,(anonymous_23)
FNF:19
FNH:0
FNDA:0,(anonymous_5)
FNDA:0,(anonymous_6)
FNDA:0,(anonymous_7)
FNDA:0,(anonymous_8)
FNDA:0,(anonymous_9)
FNDA:0,(anonymous_10)
FNDA:0,(anonymous_11)
FNDA:0,(anonymous_12)
FNDA:0,(anonymous_13)
FNDA:0,(anonymous_14)
FNDA:0,(anonymous_15)
FNDA:0,(anonymous_16)
FNDA:0,(anonymous_17)
FNDA:0,(anonymous_18)
FNDA:0,(anonymous_19)
FNDA:0,(anonymous_20)
FNDA:0,(anonymous_21)
FNDA:0,(anonymous_22)
FNDA:0,(anonymous_23)
DA:3,0
DA:13,0
DA:14,0
DA:15,0
DA:16,0
DA:17,0
DA:18,0
DA:20,0
DA:22,0
DA:24,0
DA:26,0
DA:27,0
DA:28,0
DA:29,0
DA:31,0
DA:36,0
DA:37,0
DA:38,0
DA:41,0
DA:42,0
DA:43,0
DA:44,0
DA:46,0
DA:56,0
DA:57,0
DA:60,0
DA:61,0
DA:63,0
DA:64,0
DA:65,0
DA:68,0
DA:69,0
DA:73,0
DA:74,0
DA:76,0
DA:79,0
DA:85,0
DA:93,0
DA:105,0
DA:111,0
DA:131,0
DA:145,0
DA:147,0
DA:154,0
LF:44
LH:0
BRDA:48,0,0,0
BRDA:48,0,1,0
BRDA:57,1,0,0
BRDA:57,1,1,0
BRDA:63,2,0,0
BRDA:63,2,1,0
BRDA:76,3,0,0
BRDA:76,3,1,0
BRDA:79,4,0,0
BRDA:79,4,1,0
BRDA:85,5,0,0
BRDA:85,6,0,0
BRDA:85,6,1,0
BRDA:93,7,0,0
BRDA:147,8,0,0
BRDA:147,8,1,0
BRF:16
BRH:0
end_of_record
TN:
SF:src\app\components\organisms\Sidebar\index.tsx
FN:14,(anonymous_5)
FN:33,(anonymous_6)
FNF:2
FNH:0
FNDA:0,(anonymous_5)
FNDA:0,(anonymous_6)
DA:3,0
DA:4,0
DA:5,0
DA:6,0
DA:7,0
DA:14,0
DA:15,0
DA:33,0
DA:52,0
LF:9
LH:0
BRDA:22,0,0,0
BRDA:22,0,1,0
BRDA:28,1,0,0
BRDA:28,1,1,0
BRDA:31,2,0,0
BRDA:31,2,1,0
BRDA:41,3,0,0
BRF:7
BRH:0
end_of_record
TN:
SF:src\app\components\templates\Layout\index.tsx
FN:15,(anonymous_2)
FN:16,(anonymous_3)
FNF:2
FNH:0
FNDA:0,(anonymous_2)
FNDA:0,(anonymous_3)
DA:3,0
DA:5,0
DA:6,0
DA:7,0
DA:8,0
DA:15,0
DA:16,0
DA:40,0
LF:8
LH:0
BRDA:22,0,0,0
BRDA:22,0,1,0
BRF:2
BRH:0
end_of_record
TN:
SF:src\app\hooks\useApi.ts
FN:6,(anonymous_2)
FN:7,(anonymous_3)
FNF:2
FNH:0
FNDA:0,(anonymous_2)
FNDA:0,(anonymous_3)
DA:1,0
DA:3,0
DA:6,0
DA:7,0
DA:8,0
DA:11,0
DA:14,0
LF:7
LH:0
BRF:0
BRH:0
end_of_record
TN:
SF:src\app\hooks\useAuthService.ts
FN:32,(anonymous_2)
FN:48,(anonymous_3)
FN:85,(anonymous_4)
FN:103,(anonymous_5)
FNF:4
FNH:0
FNDA:0,(anonymous_2)
FNDA:0,(anonymous_3)
FNDA:0,(anonymous_4)
FNDA:0,(anonymous_5)
DA:3,0
DA:4,0
DA:5,0
DA:6,0
DA:9,0
DA:10,0
DA:11,0
DA:32,0
DA:33,0
DA:34,0
DA:35,0
DA:36,0
DA:48,0
DA:52,0
DA:53,0
DA:58,0
DA:59,0
DA:60,0
DA:61,0
DA:62,0
DA:65,0
DA:67,0
DA:69,0
DA:71,0
DA:75,0
DA:76,0
DA:85,0
DA:86,0
DA:103,0
DA:104,0
DA:105,0
DA:106,0
DA:109,0
DA:113,0
DA:114,0
DA:118,0
LF:36
LH:0
BRDA:58,0,0,0
BRDA:71,1,0,0
BRDA:71,1,1,0
BRDA:109,2,0,0
BRDA:109,2,1,0
BRF:5
BRH:0
end_of_record
TN:
SF:src\app\hooks\useOperationService.ts
FN:14,(anonymous_2)
FN:20,(anonymous_3)
FN:28,(anonymous_4)
FN:49,(anonymous_5)
FNF:4
FNH:0
FNDA:0,(anonymous_2)
FNDA:0,(anonymous_3)
FNDA:0,(anonymous_4)
FNDA:0,(anonymous_5)
DA:3,0
DA:4,0
DA:6,0
DA:7,0
DA:8,0
DA:11,0
DA:12,0
DA:14,0
DA:15,0
DA:16,0
DA:17,0
DA:18,0
DA:20,0
DA:21,0
DA:22,0
DA:24,0
DA:28,0
DA:29,0
DA:38,0
DA:39,0
DA:42,0
DA:49,0
DA:53,0
DA:54,0
DA:59,0
DA:61,0
DA:69,0
DA:71,0
DA:73,0
DA:82,0
DA:86,0
LF:31
LH:0
BRDA:38,0,0,0
BRDA:43,1,0,0
BRDA:43,1,1,0
BRDA:45,2,0,0
BRDA:45,2,1,0
BRDA:76,3,0,0
BRDA:76,3,1,0
BRF:7
BRH:0
end_of_record
TN:
SF:src\app\hooks\useRecordService.ts
FN:12,(anonymous_5)
FN:18,(anonymous_6)
FN:31,(anonymous_7)
FN:35,(anonymous_8)
FN:38,(anonymous_9)
FN:56,(anonymous_10)
FN:61,(anonymous_11)
FN:65,(anonymous_12)
FNF:8
FNH:0
FNDA:0,(anonymous_5)
FNDA:0,(anonymous_6)
FNDA:0,(anonymous_7)
FNDA:0,(anonymous_8)
FNDA:0,(anonymous_9)
FNDA:0,(anonymous_10)
FNDA:0,(anonymous_11)
FNDA:0,(anonymous_12)
DA:3,0
DA:4,0
DA:5,0
DA:7,0
DA:9,0
DA:10,0
DA:12,0
DA:13,0
DA:14,0
DA:15,0
DA:16,0
DA:18,0
DA:22,0
DA:23,0
DA:27,0
DA:31,0
DA:32,0
DA:35,0
DA:36,0
DA:38,0
DA:46,0
DA:56,0
DA:57,0
DA:58,0
DA:59,0
DA:62,0
DA:63,0
DA:65,0
DA:71,0
DA:72,0
DA:74,0
DA:82,0
DA:84,0
DA:85,0
DA:94,0
DA:96,0
DA:100,0
LF:37
LH:0
BRDA:47,0,0,0
BRDA:47,0,1,0
BRDA:48,1,0,0
BRDA:48,1,1,0
BRDA:49,2,0,0
BRDA:49,2,1,0
BRDA:50,3,0,0
BRDA:50,3,1,0
BRDA:51,4,0,0
BRDA:51,4,1,0
BRDA:51,4,2,0
BRDA:62,5,0,0
BRDA:88,6,0,0
BRDA:88,6,1,0
BRF:14
BRH:0
end_of_record
TN:
SF:src\app\providers\AppProvider.tsx
FN:7,AppProvider
FNF:1
FNH:0
FNDA:0,AppProvider
DA:1,0
DA:2,0
DA:3,0
DA:4,0
DA:5,0
DA:7,0
LF:6
LH:0
BRF:0
BRH:0
end_of_record
TN:
SF:src\app\services\validation-service.ts
FN:4,(anonymous_1)
FN:15,(anonymous_2)
FN:21,(anonymous_3)
FNF:3
FNH:3
FNDA:4,(anonymous_1)
FNDA:9,(anonymous_2)
FNDA:9,(anonymous_3)
DA:1,4
DA:5,4
DA:8,1
DA:16,9
DA:26,9
DA:28,3
DA:29,0
DA:31,3
DA:34,3
DA:35,0
DA:37,3
DA:40,3
DA:43,9
DA:44,1
DA:47,8
LF:15
LH:13
BRDA:16,0,0,7
BRDA:16,0,1,2
BRDA:26,1,0,3
BRDA:26,1,1,3
BRDA:26,1,2,3
BRDA:28,2,0,0
BRDA:34,3,0,0
BRDA:43,4,0,1
BRF:8
BRH:6
end_of_record
TN:
SF:src\app\store\store.ts
FN:25,(anonymous_5)
FNF:1
FNH:0
FNDA:0,(anonymous_5)
DA:2,0
DA:3,0
DA:4,0
DA:5,0
DA:6,0
DA:7,0
DA:10,0
DA:15,0
DA:17,0
DA:19,0
DA:26,0
DA:37,0
DA:42,0
DA:43,0
LF:14
LH:0
BRDA:17,0,0,0
BRDA:17,0,1,0
BRDA:37,1,0,0
BRDA:37,1,1,0
BRF:4
BRH:0
end_of_record
TN:
SF:src\app\store\slices\auth-slice.ts
FN:17,(anonymous_5)
FN:27,(anonymous_6)
FN:34,(anonymous_7)
FNF:3
FNH:0
FNDA:0,(anonymous_5)
FNDA:0,(anonymous_6)
FNDA:0,(anonymous_7)
DA:1,0
DA:4,0
DA:6,0
DA:13,0
DA:21,0
DA:22,0
DA:23,0
DA:24,0
DA:25,0
DA:28,0
DA:29,0
DA:30,0
DA:31,0
DA:32,0
DA:35,0
DA:40,0
DA:41,0
LF:17
LH:0
BRDA:10,0,0,0
BRDA:10,0,1,0
BRF:2
BRH:0
end_of_record
TN:
SF:src\app\store\slices\operations-slice.ts
FN:13,(anonymous_3)
FNF:1
FNH:0
FNDA:0,(anonymous_3)
DA:3,1
DA:5,1
DA:9,1
DA:14,0
DA:19,1
DA:20,4
LF:6
LH:5
BRF:0
BRH:0
end_of_record
TN:
SF:src\app\store\slices\record-slice.ts
FN:16,(anonymous_4)
FN:23,(anonymous_5)
FN:25,(anonymous_6)
FNF:3
FNH:0
FNDA:0,(anonymous_4)
FNDA:0,(anonymous_5)
FNDA:0,(anonymous_6)
DA:3,0
DA:5,0
DA:12,0
DA:17,0
DA:18,0
DA:19,0
DA:20,0
DA:24,0
DA:25,0
DA:31,0
DA:32,0
LF:11
LH:0
BRF:0
BRH:0
end_of_record
TN:
SF:src\app\utils\storage.ts
FN:13,(anonymous_3)
FN:36,(anonymous_4)
FN:47,(anonymous_5)
FN:53,(anonymous_6)
FNF:4
FNH:0
FNDA:0,(anonymous_3)
FNDA:0,(anonymous_4)
FNDA:0,(anonymous_5)
FNDA:0,(anonymous_6)
DA:1,0
DA:3,0
DA:17,0
DA:18,0
DA:19,0
DA:20,0
DA:21,0
DA:23,0
DA:27,0
DA:37,0
DA:38,0
DA:48,0
DA:49,0
DA:54,0
DA:55,0
LF:15
LH:0
BRDA:15,0,0,0
BRDA:17,1,0,0
BRDA:19,2,0,0
BRDA:37,3,0,0
BRDA:48,4,0,0
BRDA:54,5,0,0
BRF:6
BRH:0
end_of_record
TN:
SF:src\app\utils\twclsx.ts
FN:10,(anonymous_2)
FNF:1
FNH:1
FNDA:98,(anonymous_2)
DA:2,1
DA:3,1
DA:10,98
DA:11,98
LF:4
LH:4
BRF:0
BRH:0
end_of_record
